In file included from FIR_v2_opt/src/FIR.cpp:9:
In file included from FIR_v2_opt/src/FIR.h:4:
In file included from FIR_v2_opt/src/config.h:10:
In file included from C:/Xilinx/Vitis_HLS/2022.2/common/technology/autopilot\ap_fixed.h:10:
In file included from C:/Xilinx/Vitis_HLS/2022.2/common/technology/autopilot\ap_fixed_base.h:16:
In file included from C:/Xilinx/Vitis_HLS/2022.2/common/technology/autopilot\ap_int.h:12:
C:/Xilinx/Vitis_HLS/2022.2/common/technology/autopilot\ap_int_ref.h:678:9: warning: HLS pragma dump _XLX_SEP_ PragmaIsValid=1_XLX_SEP_ PragmaType=unroll_XLX_SEP_ PragmaContext=_XLX_SEP_ PragmaFunction=and_reduce_XLX_SEP_ PragmaOptions=_XLX_SEP_ [-Wdump-hls-pragmas]
#pragma HLS unroll
        ^
C:/Xilinx/Vitis_HLS/2022.2/common/technology/autopilot\ap_int_ref.h:692:9: warning: HLS pragma dump _XLX_SEP_ PragmaIsValid=1_XLX_SEP_ PragmaType=unroll_XLX_SEP_ PragmaContext=_XLX_SEP_ PragmaFunction=or_reduce_XLX_SEP_ PragmaOptions=_XLX_SEP_ [-Wdump-hls-pragmas]
#pragma HLS unroll
        ^
C:/Xilinx/Vitis_HLS/2022.2/common/technology/autopilot\ap_int_ref.h:706:9: warning: HLS pragma dump _XLX_SEP_ PragmaIsValid=1_XLX_SEP_ PragmaType=unroll_XLX_SEP_ PragmaContext=_XLX_SEP_ PragmaFunction=xor_reduce_XLX_SEP_ PragmaOptions=_XLX_SEP_ [-Wdump-hls-pragmas]
#pragma HLS unroll
        ^
E:/ALEX/UNIVERSIDAD/TFG_Workspace/HLS/FIR_v2_opt/solution/csynth.tcl:19:9: warning: HLS pragma dump _XLX_SEP_ PragmaIsValid=1_XLX_SEP_ PragmaType=top_XLX_SEP_ PragmaContext=directive_XLX_SEP_ PragmaFunction=FIR_filter_XLX_SEP_ PragmaOptions=name=FIR_filter_XLX_SEP_ [-Wdump-hls-pragmas]
#pragma HLSDIRECTIVE TOP name=FIR_filter
        ^
E:/ALEX/UNIVERSIDAD/TFG_Workspace/HLS/FIR_v2_opt/solution/directives.tcl:6:9: warning: HLS pragma dump _XLX_SEP_ PragmaIsValid=1_XLX_SEP_ PragmaType=top_XLX_SEP_ PragmaContext=directive_XLX_SEP_ PragmaFunction=FIR_filter_XLX_SEP_ PragmaOptions=name=FIR_filter_XLX_SEP_ [-Wdump-hls-pragmas]
#pragma HLSDIRECTIVE TOP name=FIR_filter
        ^
FIR_v2_opt/src/FIR.cpp:14:9: warning: HLS pragma dump _XLX_SEP_ PragmaIsValid=1_XLX_SEP_ PragmaType=interface_XLX_SEP_ PragmaContext=_XLX_SEP_ PragmaFunction=FIR_filter_XLX_SEP_ PragmaOptions=mode=axis register_mode=both depth=1 port=data_out_stream register_XLX_SEP_ [-Wdump-hls-pragmas]
#pragma HLS INTERFACE mode=axis register_mode=both depth=1 port=data_out_stream register
        ^
FIR_v2_opt/src/FIR.cpp:15:9: warning: HLS pragma dump _XLX_SEP_ PragmaIsValid=1_XLX_SEP_ PragmaType=interface_XLX_SEP_ PragmaContext=_XLX_SEP_ PragmaFunction=FIR_filter_XLX_SEP_ PragmaOptions=mode=axis register_mode=both depth=1 port=data_in_stream register_XLX_SEP_ [-Wdump-hls-pragmas]
#pragma HLS INTERFACE mode=axis register_mode=both depth=1 port=data_in_stream register
        ^
FIR_v2_opt/src/FIR.cpp:19:9: warning: HLS pragma dump _XLX_SEP_ PragmaIsValid=1_XLX_SEP_ PragmaType=array_partition_XLX_SEP_ PragmaContext=_XLX_SEP_ PragmaFunction=FIR_filter_XLX_SEP_ PragmaOptions=dim=1 type=complete variable=fir_shift_reg_XLX_SEP_ [-Wdump-hls-pragmas]
#pragma HLS ARRAY_PARTITION dim=1 type=complete variable=fir_shift_reg
        ^
FIR_v2_opt/src/FIR.cpp:21:9: warning: HLS pragma dump _XLX_SEP_ PragmaIsValid=1_XLX_SEP_ PragmaType=unroll_XLX_SEP_ PragmaContext=_XLX_SEP_ PragmaFunction=FIR_filter_XLX_SEP_ PragmaOptions=_XLX_SEP_ [-Wdump-hls-pragmas]
#pragma HLS UNROLL
        ^
FIR_v2_opt/src/FIR.cpp:40:9: warning: HLS pragma dump _XLX_SEP_ PragmaIsValid=1_XLX_SEP_ PragmaType=array_partition_XLX_SEP_ PragmaContext=_XLX_SEP_ PragmaFunction=FIR_filter_XLX_SEP_ PragmaOptions=dim=1 factor=4 type=block variable=FIR_coefs_XLX_SEP_ [-Wdump-hls-pragmas]
#pragma HLS ARRAY_PARTITION dim=1 factor=4 type=block variable=FIR_coefs
        ^
FIR_v2_opt/src/FIR.cpp:44:9: warning: HLS pragma dump _XLX_SEP_ PragmaIsValid=1_XLX_SEP_ PragmaType=array_partition_XLX_SEP_ PragmaContext=_XLX_SEP_ PragmaFunction=FIR_filter_XLX_SEP_ PragmaOptions=dim=1 factor=4 type=block variable=acum_XLX_SEP_ [-Wdump-hls-pragmas]
#pragma HLS ARRAY_PARTITION dim=1 factor=4 type=block variable=acum
        ^
FIR_v2_opt/src/FIR.cpp:48:9: warning: HLS pragma dump _XLX_SEP_ PragmaIsValid=1_XLX_SEP_ PragmaType=unroll_XLX_SEP_ PragmaContext=_XLX_SEP_ PragmaFunction=FIR_filter_XLX_SEP_ PragmaOptions=factor=4_XLX_SEP_ [-Wdump-hls-pragmas]
#pragma HLS UNROLL factor=4
        ^
FIR_v2_opt/src/FIR.cpp:51:9: warning: HLS pragma dump _XLX_SEP_ PragmaIsValid=1_XLX_SEP_ PragmaType=pipeline_XLX_SEP_ PragmaContext=_XLX_SEP_ PragmaFunction=FIR_filter_XLX_SEP_ PragmaOptions=_XLX_SEP_ [-Wdump-hls-pragmas]
#pragma HLS PIPELINE
        ^
FIR_v2_opt/src/FIR.cpp:60:9: warning: HLS pragma dump _XLX_SEP_ PragmaIsValid=1_XLX_SEP_ PragmaType=pipeline_XLX_SEP_ PragmaContext=_XLX_SEP_ PragmaFunction=FIR_filter_XLX_SEP_ PragmaOptions=_XLX_SEP_ [-Wdump-hls-pragmas]
#pragma HLS PIPELINE
        ^
14 warnings generated.
