

================================================================
== Vitis HLS Report for 'FIR_filter'
================================================================
* Date:           Tue Feb 20 20:10:29 2024

* Version:        2022.2 (Build 3670227 on Oct 13 2022)
* Project:        FIR_v2_opt
* Solution:       solution (Vivado IP Flow Target)
* Product family: zynq
* Target device:  xc7z010i-clg225-1L


================================================================
== Performance Estimates
================================================================
+ Timing: 
    * Summary: 
    +--------+----------+----------+------------+
    |  Clock |  Target  | Estimated| Uncertainty|
    +--------+----------+----------+------------+
    |ap_clk  |  10.00 ns|  6.945 ns|     2.70 ns|
    +--------+----------+----------+------------+

+ Latency: 
    * Summary: 
    +---------+---------+----------+----------+-----+-----+---------+
    |  Latency (cycles) |  Latency (absolute) |  Interval | Pipeline|
    |   min   |   max   |    min   |    max   | min | max |   Type  |
    +---------+---------+----------+----------+-----+-----+---------+
    |       33|       33|  0.330 us|  0.330 us|   34|   34|       no|
    +---------+---------+----------+----------+-----+-----+---------+

    + Detail: 
        * Instance: 
        N/A

        * Loop: 
        N/A

============================================================
+ Verbose Summary: Synthesis Manager
============================================================
InlineROM: 1
ExposeGlobal: 0
============================================================
+ Verbose Summary: CDFG Model
============================================================
IsTopModel: 1
ResetActiveHigh: 1
IsCombinational: 0
IsDatapathOnly: 0
HasWiredReturn: 1
HasMFsm: 0
HasVarLatency: 1
IsPipeline: 0
IsRtlPipelined: 0
IsInstanceOverlapped: 0
IsDontTouch: 0
HasImplIP: 0
IsGatedGlobalClock: 0


============================================================
+ Verbose Summary: Schedule
============================================================
* Number of FSM states : 6
* Pipeline : 0
* Dataflow Pipeline: 0

* FSM state transitions: 
1 --> 2 
2 --> 3 
3 --> 4 
4 --> 5 
5 --> 6 
6 --> 

* FSM state operations: 

State 1 <SV = 0> <Delay = 2.06>
ST_1 : Operation 7 [1/1] (0.00ns)   --->   "%total_V_2_loc = alloca i64 1"   --->   Operation 7 'alloca' 'total_V_2_loc' <Predicate = true> <Delay = 0.00>
ST_1 : Operation 8 [1/1] (0.00ns)   --->   "%lhs_V_3_loc = alloca i64 1"   --->   Operation 8 'alloca' 'lhs_V_3_loc' <Predicate = true> <Delay = 0.00>
ST_1 : Operation 9 [1/1] (0.00ns)   --->   "%lhs_V_2_loc = alloca i64 1"   --->   Operation 9 'alloca' 'lhs_V_2_loc' <Predicate = true> <Delay = 0.00>
ST_1 : Operation 10 [1/1] (0.00ns)   --->   "%lhs_V_1_loc = alloca i64 1"   --->   Operation 10 'alloca' 'lhs_V_1_loc' <Predicate = true> <Delay = 0.00>
ST_1 : Operation 11 [1/1] (0.00ns)   --->   "%lhs_V_loc = alloca i64 1"   --->   Operation 11 'alloca' 'lhs_V_loc' <Predicate = true> <Delay = 0.00>
ST_1 : Operation 12 [1/1] (0.00ns)   --->   "%p_ZZ10FIR_filterRN3hls6streamI8ap_fixedILi24ELi1EL9ap_q_mode4EL9ap_o_mode0ELi1EEL_122 = load i24 %p_ZZ10FIR_filterRN3hls6streamI8ap_fixedILi24ELi1EL9ap_q_mode4EL9ap_o_mode0ELi1EEL" [FIR_v2_opt/src/FIR.cpp:22]   --->   Operation 12 'load' 'p_ZZ10FIR_filterRN3hls6streamI8ap_fixedILi24ELi1EL9ap_q_mode4EL9ap_o_mode0ELi1EEL_122' <Predicate = true> <Delay = 0.00>
ST_1 : Operation 13 [1/1] (0.00ns)   --->   "%p_ZZ10FIR_filterRN3hls6streamI8ap_fixedILi24ELi1EL9ap_q_mode4EL9ap_o_mode0ELi1EEL_123 = load i24 %p_ZZ10FIR_filterRN3hls6streamI8ap_fixedILi24ELi1EL9ap_q_mode4EL9ap_o_mode0ELi1EEL_1" [FIR_v2_opt/src/FIR.cpp:22]   --->   Operation 13 'load' 'p_ZZ10FIR_filterRN3hls6streamI8ap_fixedILi24ELi1EL9ap_q_mode4EL9ap_o_mode0ELi1EEL_123' <Predicate = true> <Delay = 0.00>
ST_1 : Operation 14 [1/1] (0.00ns)   --->   "%store_ln22 = store i24 %p_ZZ10FIR_filterRN3hls6streamI8ap_fixedILi24ELi1EL9ap_q_mode4EL9ap_o_mode0ELi1EEL_123, i24 %p_ZZ10FIR_filterRN3hls6streamI8ap_fixedILi24ELi1EL9ap_q_mode4EL9ap_o_mode0ELi1EEL" [FIR_v2_opt/src/FIR.cpp:22]   --->   Operation 14 'store' 'store_ln22' <Predicate = true> <Delay = 0.00>
ST_1 : Operation 15 [1/1] (0.00ns)   --->   "%p_ZZ10FIR_filterRN3hls6streamI8ap_fixedILi24ELi1EL9ap_q_mode4EL9ap_o_mode0ELi1EEL_124 = load i24 %p_ZZ10FIR_filterRN3hls6streamI8ap_fixedILi24ELi1EL9ap_q_mode4EL9ap_o_mode0ELi1EEL_2" [FIR_v2_opt/src/FIR.cpp:22]   --->   Operation 15 'load' 'p_ZZ10FIR_filterRN3hls6streamI8ap_fixedILi24ELi1EL9ap_q_mode4EL9ap_o_mode0ELi1EEL_124' <Predicate = true> <Delay = 0.00>
ST_1 : Operation 16 [1/1] (0.00ns)   --->   "%store_ln22 = store i24 %p_ZZ10FIR_filterRN3hls6streamI8ap_fixedILi24ELi1EL9ap_q_mode4EL9ap_o_mode0ELi1EEL_124, i24 %p_ZZ10FIR_filterRN3hls6streamI8ap_fixedILi24ELi1EL9ap_q_mode4EL9ap_o_mode0ELi1EEL_1" [FIR_v2_opt/src/FIR.cpp:22]   --->   Operation 16 'store' 'store_ln22' <Predicate = true> <Delay = 0.00>
ST_1 : Operation 17 [1/1] (0.00ns)   --->   "%p_ZZ10FIR_filterRN3hls6streamI8ap_fixedILi24ELi1EL9ap_q_mode4EL9ap_o_mode0ELi1EEL_125 = load i24 %p_ZZ10FIR_filterRN3hls6streamI8ap_fixedILi24ELi1EL9ap_q_mode4EL9ap_o_mode0ELi1EEL_3" [FIR_v2_opt/src/FIR.cpp:22]   --->   Operation 17 'load' 'p_ZZ10FIR_filterRN3hls6streamI8ap_fixedILi24ELi1EL9ap_q_mode4EL9ap_o_mode0ELi1EEL_125' <Predicate = true> <Delay = 0.00>
ST_1 : Operation 18 [1/1] (0.00ns)   --->   "%store_ln22 = store i24 %p_ZZ10FIR_filterRN3hls6streamI8ap_fixedILi24ELi1EL9ap_q_mode4EL9ap_o_mode0ELi1EEL_125, i24 %p_ZZ10FIR_filterRN3hls6streamI8ap_fixedILi24ELi1EL9ap_q_mode4EL9ap_o_mode0ELi1EEL_2" [FIR_v2_opt/src/FIR.cpp:22]   --->   Operation 18 'store' 'store_ln22' <Predicate = true> <Delay = 0.00>
ST_1 : Operation 19 [1/1] (0.00ns)   --->   "%p_ZZ10FIR_filterRN3hls6streamI8ap_fixedILi24ELi1EL9ap_q_mode4EL9ap_o_mode0ELi1EEL_126 = load i24 %p_ZZ10FIR_filterRN3hls6streamI8ap_fixedILi24ELi1EL9ap_q_mode4EL9ap_o_mode0ELi1EEL_4" [FIR_v2_opt/src/FIR.cpp:22]   --->   Operation 19 'load' 'p_ZZ10FIR_filterRN3hls6streamI8ap_fixedILi24ELi1EL9ap_q_mode4EL9ap_o_mode0ELi1EEL_126' <Predicate = true> <Delay = 0.00>
ST_1 : Operation 20 [1/1] (0.00ns)   --->   "%store_ln22 = store i24 %p_ZZ10FIR_filterRN3hls6streamI8ap_fixedILi24ELi1EL9ap_q_mode4EL9ap_o_mode0ELi1EEL_126, i24 %p_ZZ10FIR_filterRN3hls6streamI8ap_fixedILi24ELi1EL9ap_q_mode4EL9ap_o_mode0ELi1EEL_3" [FIR_v2_opt/src/FIR.cpp:22]   --->   Operation 20 'store' 'store_ln22' <Predicate = true> <Delay = 0.00>
ST_1 : Operation 21 [1/1] (0.00ns)   --->   "%p_ZZ10FIR_filterRN3hls6streamI8ap_fixedILi24ELi1EL9ap_q_mode4EL9ap_o_mode0ELi1EEL_127 = load i24 %p_ZZ10FIR_filterRN3hls6streamI8ap_fixedILi24ELi1EL9ap_q_mode4EL9ap_o_mode0ELi1EEL_5" [FIR_v2_opt/src/FIR.cpp:22]   --->   Operation 21 'load' 'p_ZZ10FIR_filterRN3hls6streamI8ap_fixedILi24ELi1EL9ap_q_mode4EL9ap_o_mode0ELi1EEL_127' <Predicate = true> <Delay = 0.00>
ST_1 : Operation 22 [1/1] (0.00ns)   --->   "%store_ln22 = store i24 %p_ZZ10FIR_filterRN3hls6streamI8ap_fixedILi24ELi1EL9ap_q_mode4EL9ap_o_mode0ELi1EEL_127, i24 %p_ZZ10FIR_filterRN3hls6streamI8ap_fixedILi24ELi1EL9ap_q_mode4EL9ap_o_mode0ELi1EEL_4" [FIR_v2_opt/src/FIR.cpp:22]   --->   Operation 22 'store' 'store_ln22' <Predicate = true> <Delay = 0.00>
ST_1 : Operation 23 [1/1] (0.00ns)   --->   "%p_ZZ10FIR_filterRN3hls6streamI8ap_fixedILi24ELi1EL9ap_q_mode4EL9ap_o_mode0ELi1EEL_128 = load i24 %p_ZZ10FIR_filterRN3hls6streamI8ap_fixedILi24ELi1EL9ap_q_mode4EL9ap_o_mode0ELi1EEL_6" [FIR_v2_opt/src/FIR.cpp:22]   --->   Operation 23 'load' 'p_ZZ10FIR_filterRN3hls6streamI8ap_fixedILi24ELi1EL9ap_q_mode4EL9ap_o_mode0ELi1EEL_128' <Predicate = true> <Delay = 0.00>
ST_1 : Operation 24 [1/1] (0.00ns)   --->   "%store_ln22 = store i24 %p_ZZ10FIR_filterRN3hls6streamI8ap_fixedILi24ELi1EL9ap_q_mode4EL9ap_o_mode0ELi1EEL_128, i24 %p_ZZ10FIR_filterRN3hls6streamI8ap_fixedILi24ELi1EL9ap_q_mode4EL9ap_o_mode0ELi1EEL_5" [FIR_v2_opt/src/FIR.cpp:22]   --->   Operation 24 'store' 'store_ln22' <Predicate = true> <Delay = 0.00>
ST_1 : Operation 25 [1/1] (0.00ns)   --->   "%p_ZZ10FIR_filterRN3hls6streamI8ap_fixedILi24ELi1EL9ap_q_mode4EL9ap_o_mode0ELi1EEL_129 = load i24 %p_ZZ10FIR_filterRN3hls6streamI8ap_fixedILi24ELi1EL9ap_q_mode4EL9ap_o_mode0ELi1EEL_7" [FIR_v2_opt/src/FIR.cpp:22]   --->   Operation 25 'load' 'p_ZZ10FIR_filterRN3hls6streamI8ap_fixedILi24ELi1EL9ap_q_mode4EL9ap_o_mode0ELi1EEL_129' <Predicate = true> <Delay = 0.00>
ST_1 : Operation 26 [1/1] (0.00ns)   --->   "%store_ln22 = store i24 %p_ZZ10FIR_filterRN3hls6streamI8ap_fixedILi24ELi1EL9ap_q_mode4EL9ap_o_mode0ELi1EEL_129, i24 %p_ZZ10FIR_filterRN3hls6streamI8ap_fixedILi24ELi1EL9ap_q_mode4EL9ap_o_mode0ELi1EEL_6" [FIR_v2_opt/src/FIR.cpp:22]   --->   Operation 26 'store' 'store_ln22' <Predicate = true> <Delay = 0.00>
ST_1 : Operation 27 [1/1] (0.00ns)   --->   "%p_ZZ10FIR_filterRN3hls6streamI8ap_fixedILi24ELi1EL9ap_q_mode4EL9ap_o_mode0ELi1EEL_130 = load i24 %p_ZZ10FIR_filterRN3hls6streamI8ap_fixedILi24ELi1EL9ap_q_mode4EL9ap_o_mode0ELi1EEL_8" [FIR_v2_opt/src/FIR.cpp:22]   --->   Operation 27 'load' 'p_ZZ10FIR_filterRN3hls6streamI8ap_fixedILi24ELi1EL9ap_q_mode4EL9ap_o_mode0ELi1EEL_130' <Predicate = true> <Delay = 0.00>
ST_1 : Operation 28 [1/1] (0.00ns)   --->   "%store_ln22 = store i24 %p_ZZ10FIR_filterRN3hls6streamI8ap_fixedILi24ELi1EL9ap_q_mode4EL9ap_o_mode0ELi1EEL_130, i24 %p_ZZ10FIR_filterRN3hls6streamI8ap_fixedILi24ELi1EL9ap_q_mode4EL9ap_o_mode0ELi1EEL_7" [FIR_v2_opt/src/FIR.cpp:22]   --->   Operation 28 'store' 'store_ln22' <Predicate = true> <Delay = 0.00>
ST_1 : Operation 29 [1/1] (0.00ns)   --->   "%p_ZZ10FIR_filterRN3hls6streamI8ap_fixedILi24ELi1EL9ap_q_mode4EL9ap_o_mode0ELi1EEL_131 = load i24 %p_ZZ10FIR_filterRN3hls6streamI8ap_fixedILi24ELi1EL9ap_q_mode4EL9ap_o_mode0ELi1EEL_9" [FIR_v2_opt/src/FIR.cpp:22]   --->   Operation 29 'load' 'p_ZZ10FIR_filterRN3hls6streamI8ap_fixedILi24ELi1EL9ap_q_mode4EL9ap_o_mode0ELi1EEL_131' <Predicate = true> <Delay = 0.00>
ST_1 : Operation 30 [1/1] (0.00ns)   --->   "%store_ln22 = store i24 %p_ZZ10FIR_filterRN3hls6streamI8ap_fixedILi24ELi1EL9ap_q_mode4EL9ap_o_mode0ELi1EEL_131, i24 %p_ZZ10FIR_filterRN3hls6streamI8ap_fixedILi24ELi1EL9ap_q_mode4EL9ap_o_mode0ELi1EEL_8" [FIR_v2_opt/src/FIR.cpp:22]   --->   Operation 30 'store' 'store_ln22' <Predicate = true> <Delay = 0.00>
ST_1 : Operation 31 [1/1] (0.00ns)   --->   "%p_ZZ10FIR_filterRN3hls6streamI8ap_fixedILi24ELi1EL9ap_q_mode4EL9ap_o_mode0ELi1EEL_132 = load i24 %p_ZZ10FIR_filterRN3hls6streamI8ap_fixedILi24ELi1EL9ap_q_mode4EL9ap_o_mode0ELi1EEL_10" [FIR_v2_opt/src/FIR.cpp:22]   --->   Operation 31 'load' 'p_ZZ10FIR_filterRN3hls6streamI8ap_fixedILi24ELi1EL9ap_q_mode4EL9ap_o_mode0ELi1EEL_132' <Predicate = true> <Delay = 0.00>
ST_1 : Operation 32 [1/1] (0.00ns)   --->   "%store_ln22 = store i24 %p_ZZ10FIR_filterRN3hls6streamI8ap_fixedILi24ELi1EL9ap_q_mode4EL9ap_o_mode0ELi1EEL_132, i24 %p_ZZ10FIR_filterRN3hls6streamI8ap_fixedILi24ELi1EL9ap_q_mode4EL9ap_o_mode0ELi1EEL_9" [FIR_v2_opt/src/FIR.cpp:22]   --->   Operation 32 'store' 'store_ln22' <Predicate = true> <Delay = 0.00>
ST_1 : Operation 33 [1/1] (0.00ns)   --->   "%p_ZZ10FIR_filterRN3hls6streamI8ap_fixedILi24ELi1EL9ap_q_mode4EL9ap_o_mode0ELi1EEL_133 = load i24 %p_ZZ10FIR_filterRN3hls6streamI8ap_fixedILi24ELi1EL9ap_q_mode4EL9ap_o_mode0ELi1EEL_11" [FIR_v2_opt/src/FIR.cpp:22]   --->   Operation 33 'load' 'p_ZZ10FIR_filterRN3hls6streamI8ap_fixedILi24ELi1EL9ap_q_mode4EL9ap_o_mode0ELi1EEL_133' <Predicate = true> <Delay = 0.00>
ST_1 : Operation 34 [1/1] (0.00ns)   --->   "%store_ln22 = store i24 %p_ZZ10FIR_filterRN3hls6streamI8ap_fixedILi24ELi1EL9ap_q_mode4EL9ap_o_mode0ELi1EEL_133, i24 %p_ZZ10FIR_filterRN3hls6streamI8ap_fixedILi24ELi1EL9ap_q_mode4EL9ap_o_mode0ELi1EEL_10" [FIR_v2_opt/src/FIR.cpp:22]   --->   Operation 34 'store' 'store_ln22' <Predicate = true> <Delay = 0.00>
ST_1 : Operation 35 [1/1] (0.00ns)   --->   "%p_ZZ10FIR_filterRN3hls6streamI8ap_fixedILi24ELi1EL9ap_q_mode4EL9ap_o_mode0ELi1EEL_134 = load i24 %p_ZZ10FIR_filterRN3hls6streamI8ap_fixedILi24ELi1EL9ap_q_mode4EL9ap_o_mode0ELi1EEL_12" [FIR_v2_opt/src/FIR.cpp:22]   --->   Operation 35 'load' 'p_ZZ10FIR_filterRN3hls6streamI8ap_fixedILi24ELi1EL9ap_q_mode4EL9ap_o_mode0ELi1EEL_134' <Predicate = true> <Delay = 0.00>
ST_1 : Operation 36 [1/1] (0.00ns)   --->   "%store_ln22 = store i24 %p_ZZ10FIR_filterRN3hls6streamI8ap_fixedILi24ELi1EL9ap_q_mode4EL9ap_o_mode0ELi1EEL_134, i24 %p_ZZ10FIR_filterRN3hls6streamI8ap_fixedILi24ELi1EL9ap_q_mode4EL9ap_o_mode0ELi1EEL_11" [FIR_v2_opt/src/FIR.cpp:22]   --->   Operation 36 'store' 'store_ln22' <Predicate = true> <Delay = 0.00>
ST_1 : Operation 37 [1/1] (0.00ns)   --->   "%p_ZZ10FIR_filterRN3hls6streamI8ap_fixedILi24ELi1EL9ap_q_mode4EL9ap_o_mode0ELi1EEL_135 = load i24 %p_ZZ10FIR_filterRN3hls6streamI8ap_fixedILi24ELi1EL9ap_q_mode4EL9ap_o_mode0ELi1EEL_13" [FIR_v2_opt/src/FIR.cpp:22]   --->   Operation 37 'load' 'p_ZZ10FIR_filterRN3hls6streamI8ap_fixedILi24ELi1EL9ap_q_mode4EL9ap_o_mode0ELi1EEL_135' <Predicate = true> <Delay = 0.00>
ST_1 : Operation 38 [1/1] (0.00ns)   --->   "%store_ln22 = store i24 %p_ZZ10FIR_filterRN3hls6streamI8ap_fixedILi24ELi1EL9ap_q_mode4EL9ap_o_mode0ELi1EEL_135, i24 %p_ZZ10FIR_filterRN3hls6streamI8ap_fixedILi24ELi1EL9ap_q_mode4EL9ap_o_mode0ELi1EEL_12" [FIR_v2_opt/src/FIR.cpp:22]   --->   Operation 38 'store' 'store_ln22' <Predicate = true> <Delay = 0.00>
ST_1 : Operation 39 [1/1] (0.00ns)   --->   "%p_ZZ10FIR_filterRN3hls6streamI8ap_fixedILi24ELi1EL9ap_q_mode4EL9ap_o_mode0ELi1EEL_136 = load i24 %p_ZZ10FIR_filterRN3hls6streamI8ap_fixedILi24ELi1EL9ap_q_mode4EL9ap_o_mode0ELi1EEL_14" [FIR_v2_opt/src/FIR.cpp:22]   --->   Operation 39 'load' 'p_ZZ10FIR_filterRN3hls6streamI8ap_fixedILi24ELi1EL9ap_q_mode4EL9ap_o_mode0ELi1EEL_136' <Predicate = true> <Delay = 0.00>
ST_1 : Operation 40 [1/1] (0.00ns)   --->   "%store_ln22 = store i24 %p_ZZ10FIR_filterRN3hls6streamI8ap_fixedILi24ELi1EL9ap_q_mode4EL9ap_o_mode0ELi1EEL_136, i24 %p_ZZ10FIR_filterRN3hls6streamI8ap_fixedILi24ELi1EL9ap_q_mode4EL9ap_o_mode0ELi1EEL_13" [FIR_v2_opt/src/FIR.cpp:22]   --->   Operation 40 'store' 'store_ln22' <Predicate = true> <Delay = 0.00>
ST_1 : Operation 41 [1/1] (0.00ns)   --->   "%p_ZZ10FIR_filterRN3hls6streamI8ap_fixedILi24ELi1EL9ap_q_mode4EL9ap_o_mode0ELi1EEL_137 = load i24 %p_ZZ10FIR_filterRN3hls6streamI8ap_fixedILi24ELi1EL9ap_q_mode4EL9ap_o_mode0ELi1EEL_15" [FIR_v2_opt/src/FIR.cpp:22]   --->   Operation 41 'load' 'p_ZZ10FIR_filterRN3hls6streamI8ap_fixedILi24ELi1EL9ap_q_mode4EL9ap_o_mode0ELi1EEL_137' <Predicate = true> <Delay = 0.00>
ST_1 : Operation 42 [1/1] (0.00ns)   --->   "%store_ln22 = store i24 %p_ZZ10FIR_filterRN3hls6streamI8ap_fixedILi24ELi1EL9ap_q_mode4EL9ap_o_mode0ELi1EEL_137, i24 %p_ZZ10FIR_filterRN3hls6streamI8ap_fixedILi24ELi1EL9ap_q_mode4EL9ap_o_mode0ELi1EEL_14" [FIR_v2_opt/src/FIR.cpp:22]   --->   Operation 42 'store' 'store_ln22' <Predicate = true> <Delay = 0.00>
ST_1 : Operation 43 [1/1] (0.00ns)   --->   "%p_ZZ10FIR_filterRN3hls6streamI8ap_fixedILi24ELi1EL9ap_q_mode4EL9ap_o_mode0ELi1EEL_138 = load i24 %p_ZZ10FIR_filterRN3hls6streamI8ap_fixedILi24ELi1EL9ap_q_mode4EL9ap_o_mode0ELi1EEL_16" [FIR_v2_opt/src/FIR.cpp:22]   --->   Operation 43 'load' 'p_ZZ10FIR_filterRN3hls6streamI8ap_fixedILi24ELi1EL9ap_q_mode4EL9ap_o_mode0ELi1EEL_138' <Predicate = true> <Delay = 0.00>
ST_1 : Operation 44 [1/1] (0.00ns)   --->   "%store_ln22 = store i24 %p_ZZ10FIR_filterRN3hls6streamI8ap_fixedILi24ELi1EL9ap_q_mode4EL9ap_o_mode0ELi1EEL_138, i24 %p_ZZ10FIR_filterRN3hls6streamI8ap_fixedILi24ELi1EL9ap_q_mode4EL9ap_o_mode0ELi1EEL_15" [FIR_v2_opt/src/FIR.cpp:22]   --->   Operation 44 'store' 'store_ln22' <Predicate = true> <Delay = 0.00>
ST_1 : Operation 45 [1/1] (0.00ns)   --->   "%p_ZZ10FIR_filterRN3hls6streamI8ap_fixedILi24ELi1EL9ap_q_mode4EL9ap_o_mode0ELi1EEL_139 = load i24 %p_ZZ10FIR_filterRN3hls6streamI8ap_fixedILi24ELi1EL9ap_q_mode4EL9ap_o_mode0ELi1EEL_17" [FIR_v2_opt/src/FIR.cpp:22]   --->   Operation 45 'load' 'p_ZZ10FIR_filterRN3hls6streamI8ap_fixedILi24ELi1EL9ap_q_mode4EL9ap_o_mode0ELi1EEL_139' <Predicate = true> <Delay = 0.00>
ST_1 : Operation 46 [1/1] (0.00ns)   --->   "%store_ln22 = store i24 %p_ZZ10FIR_filterRN3hls6streamI8ap_fixedILi24ELi1EL9ap_q_mode4EL9ap_o_mode0ELi1EEL_139, i24 %p_ZZ10FIR_filterRN3hls6streamI8ap_fixedILi24ELi1EL9ap_q_mode4EL9ap_o_mode0ELi1EEL_16" [FIR_v2_opt/src/FIR.cpp:22]   --->   Operation 46 'store' 'store_ln22' <Predicate = true> <Delay = 0.00>
ST_1 : Operation 47 [1/1] (0.00ns)   --->   "%p_ZZ10FIR_filterRN3hls6streamI8ap_fixedILi24ELi1EL9ap_q_mode4EL9ap_o_mode0ELi1EEL_140 = load i24 %p_ZZ10FIR_filterRN3hls6streamI8ap_fixedILi24ELi1EL9ap_q_mode4EL9ap_o_mode0ELi1EEL_18" [FIR_v2_opt/src/FIR.cpp:22]   --->   Operation 47 'load' 'p_ZZ10FIR_filterRN3hls6streamI8ap_fixedILi24ELi1EL9ap_q_mode4EL9ap_o_mode0ELi1EEL_140' <Predicate = true> <Delay = 0.00>
ST_1 : Operation 48 [1/1] (0.00ns)   --->   "%store_ln22 = store i24 %p_ZZ10FIR_filterRN3hls6streamI8ap_fixedILi24ELi1EL9ap_q_mode4EL9ap_o_mode0ELi1EEL_140, i24 %p_ZZ10FIR_filterRN3hls6streamI8ap_fixedILi24ELi1EL9ap_q_mode4EL9ap_o_mode0ELi1EEL_17" [FIR_v2_opt/src/FIR.cpp:22]   --->   Operation 48 'store' 'store_ln22' <Predicate = true> <Delay = 0.00>
ST_1 : Operation 49 [1/1] (0.00ns)   --->   "%p_ZZ10FIR_filterRN3hls6streamI8ap_fixedILi24ELi1EL9ap_q_mode4EL9ap_o_mode0ELi1EEL_141 = load i24 %p_ZZ10FIR_filterRN3hls6streamI8ap_fixedILi24ELi1EL9ap_q_mode4EL9ap_o_mode0ELi1EEL_19" [FIR_v2_opt/src/FIR.cpp:22]   --->   Operation 49 'load' 'p_ZZ10FIR_filterRN3hls6streamI8ap_fixedILi24ELi1EL9ap_q_mode4EL9ap_o_mode0ELi1EEL_141' <Predicate = true> <Delay = 0.00>
ST_1 : Operation 50 [1/1] (0.00ns)   --->   "%store_ln22 = store i24 %p_ZZ10FIR_filterRN3hls6streamI8ap_fixedILi24ELi1EL9ap_q_mode4EL9ap_o_mode0ELi1EEL_141, i24 %p_ZZ10FIR_filterRN3hls6streamI8ap_fixedILi24ELi1EL9ap_q_mode4EL9ap_o_mode0ELi1EEL_18" [FIR_v2_opt/src/FIR.cpp:22]   --->   Operation 50 'store' 'store_ln22' <Predicate = true> <Delay = 0.00>
ST_1 : Operation 51 [1/1] (0.00ns)   --->   "%p_ZZ10FIR_filterRN3hls6streamI8ap_fixedILi24ELi1EL9ap_q_mode4EL9ap_o_mode0ELi1EEL_142 = load i24 %p_ZZ10FIR_filterRN3hls6streamI8ap_fixedILi24ELi1EL9ap_q_mode4EL9ap_o_mode0ELi1EEL_20" [FIR_v2_opt/src/FIR.cpp:22]   --->   Operation 51 'load' 'p_ZZ10FIR_filterRN3hls6streamI8ap_fixedILi24ELi1EL9ap_q_mode4EL9ap_o_mode0ELi1EEL_142' <Predicate = true> <Delay = 0.00>
ST_1 : Operation 52 [1/1] (0.00ns)   --->   "%store_ln22 = store i24 %p_ZZ10FIR_filterRN3hls6streamI8ap_fixedILi24ELi1EL9ap_q_mode4EL9ap_o_mode0ELi1EEL_142, i24 %p_ZZ10FIR_filterRN3hls6streamI8ap_fixedILi24ELi1EL9ap_q_mode4EL9ap_o_mode0ELi1EEL_19" [FIR_v2_opt/src/FIR.cpp:22]   --->   Operation 52 'store' 'store_ln22' <Predicate = true> <Delay = 0.00>
ST_1 : Operation 53 [1/1] (0.00ns)   --->   "%p_ZZ10FIR_filterRN3hls6streamI8ap_fixedILi24ELi1EL9ap_q_mode4EL9ap_o_mode0ELi1EEL_143 = load i24 %p_ZZ10FIR_filterRN3hls6streamI8ap_fixedILi24ELi1EL9ap_q_mode4EL9ap_o_mode0ELi1EEL_21" [FIR_v2_opt/src/FIR.cpp:22]   --->   Operation 53 'load' 'p_ZZ10FIR_filterRN3hls6streamI8ap_fixedILi24ELi1EL9ap_q_mode4EL9ap_o_mode0ELi1EEL_143' <Predicate = true> <Delay = 0.00>
ST_1 : Operation 54 [1/1] (0.00ns)   --->   "%store_ln22 = store i24 %p_ZZ10FIR_filterRN3hls6streamI8ap_fixedILi24ELi1EL9ap_q_mode4EL9ap_o_mode0ELi1EEL_143, i24 %p_ZZ10FIR_filterRN3hls6streamI8ap_fixedILi24ELi1EL9ap_q_mode4EL9ap_o_mode0ELi1EEL_20" [FIR_v2_opt/src/FIR.cpp:22]   --->   Operation 54 'store' 'store_ln22' <Predicate = true> <Delay = 0.00>
ST_1 : Operation 55 [1/1] (0.00ns)   --->   "%p_ZZ10FIR_filterRN3hls6streamI8ap_fixedILi24ELi1EL9ap_q_mode4EL9ap_o_mode0ELi1EEL_144 = load i24 %p_ZZ10FIR_filterRN3hls6streamI8ap_fixedILi24ELi1EL9ap_q_mode4EL9ap_o_mode0ELi1EEL_22" [FIR_v2_opt/src/FIR.cpp:22]   --->   Operation 55 'load' 'p_ZZ10FIR_filterRN3hls6streamI8ap_fixedILi24ELi1EL9ap_q_mode4EL9ap_o_mode0ELi1EEL_144' <Predicate = true> <Delay = 0.00>
ST_1 : Operation 56 [1/1] (0.00ns)   --->   "%store_ln22 = store i24 %p_ZZ10FIR_filterRN3hls6streamI8ap_fixedILi24ELi1EL9ap_q_mode4EL9ap_o_mode0ELi1EEL_144, i24 %p_ZZ10FIR_filterRN3hls6streamI8ap_fixedILi24ELi1EL9ap_q_mode4EL9ap_o_mode0ELi1EEL_21" [FIR_v2_opt/src/FIR.cpp:22]   --->   Operation 56 'store' 'store_ln22' <Predicate = true> <Delay = 0.00>
ST_1 : Operation 57 [1/1] (0.00ns)   --->   "%p_ZZ10FIR_filterRN3hls6streamI8ap_fixedILi24ELi1EL9ap_q_mode4EL9ap_o_mode0ELi1EEL_145 = load i24 %p_ZZ10FIR_filterRN3hls6streamI8ap_fixedILi24ELi1EL9ap_q_mode4EL9ap_o_mode0ELi1EEL_23" [FIR_v2_opt/src/FIR.cpp:22]   --->   Operation 57 'load' 'p_ZZ10FIR_filterRN3hls6streamI8ap_fixedILi24ELi1EL9ap_q_mode4EL9ap_o_mode0ELi1EEL_145' <Predicate = true> <Delay = 0.00>
ST_1 : Operation 58 [1/1] (0.00ns)   --->   "%store_ln22 = store i24 %p_ZZ10FIR_filterRN3hls6streamI8ap_fixedILi24ELi1EL9ap_q_mode4EL9ap_o_mode0ELi1EEL_145, i24 %p_ZZ10FIR_filterRN3hls6streamI8ap_fixedILi24ELi1EL9ap_q_mode4EL9ap_o_mode0ELi1EEL_22" [FIR_v2_opt/src/FIR.cpp:22]   --->   Operation 58 'store' 'store_ln22' <Predicate = true> <Delay = 0.00>
ST_1 : Operation 59 [1/1] (0.00ns)   --->   "%p_ZZ10FIR_filterRN3hls6streamI8ap_fixedILi24ELi1EL9ap_q_mode4EL9ap_o_mode0ELi1EEL_146 = load i24 %p_ZZ10FIR_filterRN3hls6streamI8ap_fixedILi24ELi1EL9ap_q_mode4EL9ap_o_mode0ELi1EEL_24" [FIR_v2_opt/src/FIR.cpp:22]   --->   Operation 59 'load' 'p_ZZ10FIR_filterRN3hls6streamI8ap_fixedILi24ELi1EL9ap_q_mode4EL9ap_o_mode0ELi1EEL_146' <Predicate = true> <Delay = 0.00>
ST_1 : Operation 60 [1/1] (0.00ns)   --->   "%store_ln22 = store i24 %p_ZZ10FIR_filterRN3hls6streamI8ap_fixedILi24ELi1EL9ap_q_mode4EL9ap_o_mode0ELi1EEL_146, i24 %p_ZZ10FIR_filterRN3hls6streamI8ap_fixedILi24ELi1EL9ap_q_mode4EL9ap_o_mode0ELi1EEL_23" [FIR_v2_opt/src/FIR.cpp:22]   --->   Operation 60 'store' 'store_ln22' <Predicate = true> <Delay = 0.00>
ST_1 : Operation 61 [1/1] (0.00ns)   --->   "%p_ZZ10FIR_filterRN3hls6streamI8ap_fixedILi24ELi1EL9ap_q_mode4EL9ap_o_mode0ELi1EEL_147 = load i24 %p_ZZ10FIR_filterRN3hls6streamI8ap_fixedILi24ELi1EL9ap_q_mode4EL9ap_o_mode0ELi1EEL_25" [FIR_v2_opt/src/FIR.cpp:22]   --->   Operation 61 'load' 'p_ZZ10FIR_filterRN3hls6streamI8ap_fixedILi24ELi1EL9ap_q_mode4EL9ap_o_mode0ELi1EEL_147' <Predicate = true> <Delay = 0.00>
ST_1 : Operation 62 [1/1] (0.00ns)   --->   "%store_ln22 = store i24 %p_ZZ10FIR_filterRN3hls6streamI8ap_fixedILi24ELi1EL9ap_q_mode4EL9ap_o_mode0ELi1EEL_147, i24 %p_ZZ10FIR_filterRN3hls6streamI8ap_fixedILi24ELi1EL9ap_q_mode4EL9ap_o_mode0ELi1EEL_24" [FIR_v2_opt/src/FIR.cpp:22]   --->   Operation 62 'store' 'store_ln22' <Predicate = true> <Delay = 0.00>
ST_1 : Operation 63 [1/1] (0.00ns)   --->   "%p_ZZ10FIR_filterRN3hls6streamI8ap_fixedILi24ELi1EL9ap_q_mode4EL9ap_o_mode0ELi1EEL_148 = load i24 %p_ZZ10FIR_filterRN3hls6streamI8ap_fixedILi24ELi1EL9ap_q_mode4EL9ap_o_mode0ELi1EEL_26" [FIR_v2_opt/src/FIR.cpp:22]   --->   Operation 63 'load' 'p_ZZ10FIR_filterRN3hls6streamI8ap_fixedILi24ELi1EL9ap_q_mode4EL9ap_o_mode0ELi1EEL_148' <Predicate = true> <Delay = 0.00>
ST_1 : Operation 64 [1/1] (0.00ns)   --->   "%store_ln22 = store i24 %p_ZZ10FIR_filterRN3hls6streamI8ap_fixedILi24ELi1EL9ap_q_mode4EL9ap_o_mode0ELi1EEL_148, i24 %p_ZZ10FIR_filterRN3hls6streamI8ap_fixedILi24ELi1EL9ap_q_mode4EL9ap_o_mode0ELi1EEL_25" [FIR_v2_opt/src/FIR.cpp:22]   --->   Operation 64 'store' 'store_ln22' <Predicate = true> <Delay = 0.00>
ST_1 : Operation 65 [1/1] (0.00ns)   --->   "%p_ZZ10FIR_filterRN3hls6streamI8ap_fixedILi24ELi1EL9ap_q_mode4EL9ap_o_mode0ELi1EEL_149 = load i24 %p_ZZ10FIR_filterRN3hls6streamI8ap_fixedILi24ELi1EL9ap_q_mode4EL9ap_o_mode0ELi1EEL_27" [FIR_v2_opt/src/FIR.cpp:22]   --->   Operation 65 'load' 'p_ZZ10FIR_filterRN3hls6streamI8ap_fixedILi24ELi1EL9ap_q_mode4EL9ap_o_mode0ELi1EEL_149' <Predicate = true> <Delay = 0.00>
ST_1 : Operation 66 [1/1] (0.00ns)   --->   "%store_ln22 = store i24 %p_ZZ10FIR_filterRN3hls6streamI8ap_fixedILi24ELi1EL9ap_q_mode4EL9ap_o_mode0ELi1EEL_149, i24 %p_ZZ10FIR_filterRN3hls6streamI8ap_fixedILi24ELi1EL9ap_q_mode4EL9ap_o_mode0ELi1EEL_26" [FIR_v2_opt/src/FIR.cpp:22]   --->   Operation 66 'store' 'store_ln22' <Predicate = true> <Delay = 0.00>
ST_1 : Operation 67 [1/1] (0.00ns)   --->   "%p_ZZ10FIR_filterRN3hls6streamI8ap_fixedILi24ELi1EL9ap_q_mode4EL9ap_o_mode0ELi1EEL_150 = load i24 %p_ZZ10FIR_filterRN3hls6streamI8ap_fixedILi24ELi1EL9ap_q_mode4EL9ap_o_mode0ELi1EEL_28" [FIR_v2_opt/src/FIR.cpp:22]   --->   Operation 67 'load' 'p_ZZ10FIR_filterRN3hls6streamI8ap_fixedILi24ELi1EL9ap_q_mode4EL9ap_o_mode0ELi1EEL_150' <Predicate = true> <Delay = 0.00>
ST_1 : Operation 68 [1/1] (0.00ns)   --->   "%store_ln22 = store i24 %p_ZZ10FIR_filterRN3hls6streamI8ap_fixedILi24ELi1EL9ap_q_mode4EL9ap_o_mode0ELi1EEL_150, i24 %p_ZZ10FIR_filterRN3hls6streamI8ap_fixedILi24ELi1EL9ap_q_mode4EL9ap_o_mode0ELi1EEL_27" [FIR_v2_opt/src/FIR.cpp:22]   --->   Operation 68 'store' 'store_ln22' <Predicate = true> <Delay = 0.00>
ST_1 : Operation 69 [1/1] (0.00ns)   --->   "%p_ZZ10FIR_filterRN3hls6streamI8ap_fixedILi24ELi1EL9ap_q_mode4EL9ap_o_mode0ELi1EEL_151 = load i24 %p_ZZ10FIR_filterRN3hls6streamI8ap_fixedILi24ELi1EL9ap_q_mode4EL9ap_o_mode0ELi1EEL_29" [FIR_v2_opt/src/FIR.cpp:22]   --->   Operation 69 'load' 'p_ZZ10FIR_filterRN3hls6streamI8ap_fixedILi24ELi1EL9ap_q_mode4EL9ap_o_mode0ELi1EEL_151' <Predicate = true> <Delay = 0.00>
ST_1 : Operation 70 [1/1] (0.00ns)   --->   "%store_ln22 = store i24 %p_ZZ10FIR_filterRN3hls6streamI8ap_fixedILi24ELi1EL9ap_q_mode4EL9ap_o_mode0ELi1EEL_151, i24 %p_ZZ10FIR_filterRN3hls6streamI8ap_fixedILi24ELi1EL9ap_q_mode4EL9ap_o_mode0ELi1EEL_28" [FIR_v2_opt/src/FIR.cpp:22]   --->   Operation 70 'store' 'store_ln22' <Predicate = true> <Delay = 0.00>
ST_1 : Operation 71 [1/1] (0.00ns)   --->   "%p_ZZ10FIR_filterRN3hls6streamI8ap_fixedILi24ELi1EL9ap_q_mode4EL9ap_o_mode0ELi1EEL_152 = load i24 %p_ZZ10FIR_filterRN3hls6streamI8ap_fixedILi24ELi1EL9ap_q_mode4EL9ap_o_mode0ELi1EEL_30" [FIR_v2_opt/src/FIR.cpp:22]   --->   Operation 71 'load' 'p_ZZ10FIR_filterRN3hls6streamI8ap_fixedILi24ELi1EL9ap_q_mode4EL9ap_o_mode0ELi1EEL_152' <Predicate = true> <Delay = 0.00>
ST_1 : Operation 72 [1/1] (0.00ns)   --->   "%store_ln22 = store i24 %p_ZZ10FIR_filterRN3hls6streamI8ap_fixedILi24ELi1EL9ap_q_mode4EL9ap_o_mode0ELi1EEL_152, i24 %p_ZZ10FIR_filterRN3hls6streamI8ap_fixedILi24ELi1EL9ap_q_mode4EL9ap_o_mode0ELi1EEL_29" [FIR_v2_opt/src/FIR.cpp:22]   --->   Operation 72 'store' 'store_ln22' <Predicate = true> <Delay = 0.00>
ST_1 : Operation 73 [1/1] (0.00ns)   --->   "%p_ZZ10FIR_filterRN3hls6streamI8ap_fixedILi24ELi1EL9ap_q_mode4EL9ap_o_mode0ELi1EEL_153 = load i24 %p_ZZ10FIR_filterRN3hls6streamI8ap_fixedILi24ELi1EL9ap_q_mode4EL9ap_o_mode0ELi1EEL_31" [FIR_v2_opt/src/FIR.cpp:22]   --->   Operation 73 'load' 'p_ZZ10FIR_filterRN3hls6streamI8ap_fixedILi24ELi1EL9ap_q_mode4EL9ap_o_mode0ELi1EEL_153' <Predicate = true> <Delay = 0.00>
ST_1 : Operation 74 [1/1] (0.00ns)   --->   "%store_ln22 = store i24 %p_ZZ10FIR_filterRN3hls6streamI8ap_fixedILi24ELi1EL9ap_q_mode4EL9ap_o_mode0ELi1EEL_153, i24 %p_ZZ10FIR_filterRN3hls6streamI8ap_fixedILi24ELi1EL9ap_q_mode4EL9ap_o_mode0ELi1EEL_30" [FIR_v2_opt/src/FIR.cpp:22]   --->   Operation 74 'store' 'store_ln22' <Predicate = true> <Delay = 0.00>
ST_1 : Operation 75 [1/1] (0.00ns)   --->   "%p_ZZ10FIR_filterRN3hls6streamI8ap_fixedILi24ELi1EL9ap_q_mode4EL9ap_o_mode0ELi1EEL_154 = load i24 %p_ZZ10FIR_filterRN3hls6streamI8ap_fixedILi24ELi1EL9ap_q_mode4EL9ap_o_mode0ELi1EEL_32" [FIR_v2_opt/src/FIR.cpp:22]   --->   Operation 75 'load' 'p_ZZ10FIR_filterRN3hls6streamI8ap_fixedILi24ELi1EL9ap_q_mode4EL9ap_o_mode0ELi1EEL_154' <Predicate = true> <Delay = 0.00>
ST_1 : Operation 76 [1/1] (0.00ns)   --->   "%store_ln22 = store i24 %p_ZZ10FIR_filterRN3hls6streamI8ap_fixedILi24ELi1EL9ap_q_mode4EL9ap_o_mode0ELi1EEL_154, i24 %p_ZZ10FIR_filterRN3hls6streamI8ap_fixedILi24ELi1EL9ap_q_mode4EL9ap_o_mode0ELi1EEL_31" [FIR_v2_opt/src/FIR.cpp:22]   --->   Operation 76 'store' 'store_ln22' <Predicate = true> <Delay = 0.00>
ST_1 : Operation 77 [1/1] (0.00ns)   --->   "%p_ZZ10FIR_filterRN3hls6streamI8ap_fixedILi24ELi1EL9ap_q_mode4EL9ap_o_mode0ELi1EEL_155 = load i24 %p_ZZ10FIR_filterRN3hls6streamI8ap_fixedILi24ELi1EL9ap_q_mode4EL9ap_o_mode0ELi1EEL_33" [FIR_v2_opt/src/FIR.cpp:22]   --->   Operation 77 'load' 'p_ZZ10FIR_filterRN3hls6streamI8ap_fixedILi24ELi1EL9ap_q_mode4EL9ap_o_mode0ELi1EEL_155' <Predicate = true> <Delay = 0.00>
ST_1 : Operation 78 [1/1] (0.00ns)   --->   "%store_ln22 = store i24 %p_ZZ10FIR_filterRN3hls6streamI8ap_fixedILi24ELi1EL9ap_q_mode4EL9ap_o_mode0ELi1EEL_155, i24 %p_ZZ10FIR_filterRN3hls6streamI8ap_fixedILi24ELi1EL9ap_q_mode4EL9ap_o_mode0ELi1EEL_32" [FIR_v2_opt/src/FIR.cpp:22]   --->   Operation 78 'store' 'store_ln22' <Predicate = true> <Delay = 0.00>
ST_1 : Operation 79 [1/1] (0.00ns)   --->   "%p_ZZ10FIR_filterRN3hls6streamI8ap_fixedILi24ELi1EL9ap_q_mode4EL9ap_o_mode0ELi1EEL_156 = load i24 %p_ZZ10FIR_filterRN3hls6streamI8ap_fixedILi24ELi1EL9ap_q_mode4EL9ap_o_mode0ELi1EEL_34" [FIR_v2_opt/src/FIR.cpp:22]   --->   Operation 79 'load' 'p_ZZ10FIR_filterRN3hls6streamI8ap_fixedILi24ELi1EL9ap_q_mode4EL9ap_o_mode0ELi1EEL_156' <Predicate = true> <Delay = 0.00>
ST_1 : Operation 80 [1/1] (0.00ns)   --->   "%store_ln22 = store i24 %p_ZZ10FIR_filterRN3hls6streamI8ap_fixedILi24ELi1EL9ap_q_mode4EL9ap_o_mode0ELi1EEL_156, i24 %p_ZZ10FIR_filterRN3hls6streamI8ap_fixedILi24ELi1EL9ap_q_mode4EL9ap_o_mode0ELi1EEL_33" [FIR_v2_opt/src/FIR.cpp:22]   --->   Operation 80 'store' 'store_ln22' <Predicate = true> <Delay = 0.00>
ST_1 : Operation 81 [1/1] (0.00ns)   --->   "%p_ZZ10FIR_filterRN3hls6streamI8ap_fixedILi24ELi1EL9ap_q_mode4EL9ap_o_mode0ELi1EEL_157 = load i24 %p_ZZ10FIR_filterRN3hls6streamI8ap_fixedILi24ELi1EL9ap_q_mode4EL9ap_o_mode0ELi1EEL_35" [FIR_v2_opt/src/FIR.cpp:22]   --->   Operation 81 'load' 'p_ZZ10FIR_filterRN3hls6streamI8ap_fixedILi24ELi1EL9ap_q_mode4EL9ap_o_mode0ELi1EEL_157' <Predicate = true> <Delay = 0.00>
ST_1 : Operation 82 [1/1] (0.00ns)   --->   "%store_ln22 = store i24 %p_ZZ10FIR_filterRN3hls6streamI8ap_fixedILi24ELi1EL9ap_q_mode4EL9ap_o_mode0ELi1EEL_157, i24 %p_ZZ10FIR_filterRN3hls6streamI8ap_fixedILi24ELi1EL9ap_q_mode4EL9ap_o_mode0ELi1EEL_34" [FIR_v2_opt/src/FIR.cpp:22]   --->   Operation 82 'store' 'store_ln22' <Predicate = true> <Delay = 0.00>
ST_1 : Operation 83 [1/1] (0.00ns)   --->   "%p_ZZ10FIR_filterRN3hls6streamI8ap_fixedILi24ELi1EL9ap_q_mode4EL9ap_o_mode0ELi1EEL_158 = load i24 %p_ZZ10FIR_filterRN3hls6streamI8ap_fixedILi24ELi1EL9ap_q_mode4EL9ap_o_mode0ELi1EEL_36" [FIR_v2_opt/src/FIR.cpp:22]   --->   Operation 83 'load' 'p_ZZ10FIR_filterRN3hls6streamI8ap_fixedILi24ELi1EL9ap_q_mode4EL9ap_o_mode0ELi1EEL_158' <Predicate = true> <Delay = 0.00>
ST_1 : Operation 84 [1/1] (0.00ns)   --->   "%store_ln22 = store i24 %p_ZZ10FIR_filterRN3hls6streamI8ap_fixedILi24ELi1EL9ap_q_mode4EL9ap_o_mode0ELi1EEL_158, i24 %p_ZZ10FIR_filterRN3hls6streamI8ap_fixedILi24ELi1EL9ap_q_mode4EL9ap_o_mode0ELi1EEL_35" [FIR_v2_opt/src/FIR.cpp:22]   --->   Operation 84 'store' 'store_ln22' <Predicate = true> <Delay = 0.00>
ST_1 : Operation 85 [1/1] (0.00ns)   --->   "%p_ZZ10FIR_filterRN3hls6streamI8ap_fixedILi24ELi1EL9ap_q_mode4EL9ap_o_mode0ELi1EEL_159 = load i24 %p_ZZ10FIR_filterRN3hls6streamI8ap_fixedILi24ELi1EL9ap_q_mode4EL9ap_o_mode0ELi1EEL_37" [FIR_v2_opt/src/FIR.cpp:22]   --->   Operation 85 'load' 'p_ZZ10FIR_filterRN3hls6streamI8ap_fixedILi24ELi1EL9ap_q_mode4EL9ap_o_mode0ELi1EEL_159' <Predicate = true> <Delay = 0.00>
ST_1 : Operation 86 [1/1] (0.00ns)   --->   "%store_ln22 = store i24 %p_ZZ10FIR_filterRN3hls6streamI8ap_fixedILi24ELi1EL9ap_q_mode4EL9ap_o_mode0ELi1EEL_159, i24 %p_ZZ10FIR_filterRN3hls6streamI8ap_fixedILi24ELi1EL9ap_q_mode4EL9ap_o_mode0ELi1EEL_36" [FIR_v2_opt/src/FIR.cpp:22]   --->   Operation 86 'store' 'store_ln22' <Predicate = true> <Delay = 0.00>
ST_1 : Operation 87 [1/1] (0.00ns)   --->   "%p_ZZ10FIR_filterRN3hls6streamI8ap_fixedILi24ELi1EL9ap_q_mode4EL9ap_o_mode0ELi1EEL_160 = load i24 %p_ZZ10FIR_filterRN3hls6streamI8ap_fixedILi24ELi1EL9ap_q_mode4EL9ap_o_mode0ELi1EEL_38" [FIR_v2_opt/src/FIR.cpp:22]   --->   Operation 87 'load' 'p_ZZ10FIR_filterRN3hls6streamI8ap_fixedILi24ELi1EL9ap_q_mode4EL9ap_o_mode0ELi1EEL_160' <Predicate = true> <Delay = 0.00>
ST_1 : Operation 88 [1/1] (0.00ns)   --->   "%store_ln22 = store i24 %p_ZZ10FIR_filterRN3hls6streamI8ap_fixedILi24ELi1EL9ap_q_mode4EL9ap_o_mode0ELi1EEL_160, i24 %p_ZZ10FIR_filterRN3hls6streamI8ap_fixedILi24ELi1EL9ap_q_mode4EL9ap_o_mode0ELi1EEL_37" [FIR_v2_opt/src/FIR.cpp:22]   --->   Operation 88 'store' 'store_ln22' <Predicate = true> <Delay = 0.00>
ST_1 : Operation 89 [1/1] (0.00ns)   --->   "%p_ZZ10FIR_filterRN3hls6streamI8ap_fixedILi24ELi1EL9ap_q_mode4EL9ap_o_mode0ELi1EEL_161 = load i24 %p_ZZ10FIR_filterRN3hls6streamI8ap_fixedILi24ELi1EL9ap_q_mode4EL9ap_o_mode0ELi1EEL_39" [FIR_v2_opt/src/FIR.cpp:22]   --->   Operation 89 'load' 'p_ZZ10FIR_filterRN3hls6streamI8ap_fixedILi24ELi1EL9ap_q_mode4EL9ap_o_mode0ELi1EEL_161' <Predicate = true> <Delay = 0.00>
ST_1 : Operation 90 [1/1] (0.00ns)   --->   "%store_ln22 = store i24 %p_ZZ10FIR_filterRN3hls6streamI8ap_fixedILi24ELi1EL9ap_q_mode4EL9ap_o_mode0ELi1EEL_161, i24 %p_ZZ10FIR_filterRN3hls6streamI8ap_fixedILi24ELi1EL9ap_q_mode4EL9ap_o_mode0ELi1EEL_38" [FIR_v2_opt/src/FIR.cpp:22]   --->   Operation 90 'store' 'store_ln22' <Predicate = true> <Delay = 0.00>
ST_1 : Operation 91 [1/1] (0.00ns)   --->   "%p_ZZ10FIR_filterRN3hls6streamI8ap_fixedILi24ELi1EL9ap_q_mode4EL9ap_o_mode0ELi1EEL_162 = load i24 %p_ZZ10FIR_filterRN3hls6streamI8ap_fixedILi24ELi1EL9ap_q_mode4EL9ap_o_mode0ELi1EEL_40" [FIR_v2_opt/src/FIR.cpp:22]   --->   Operation 91 'load' 'p_ZZ10FIR_filterRN3hls6streamI8ap_fixedILi24ELi1EL9ap_q_mode4EL9ap_o_mode0ELi1EEL_162' <Predicate = true> <Delay = 0.00>
ST_1 : Operation 92 [1/1] (0.00ns)   --->   "%store_ln22 = store i24 %p_ZZ10FIR_filterRN3hls6streamI8ap_fixedILi24ELi1EL9ap_q_mode4EL9ap_o_mode0ELi1EEL_162, i24 %p_ZZ10FIR_filterRN3hls6streamI8ap_fixedILi24ELi1EL9ap_q_mode4EL9ap_o_mode0ELi1EEL_39" [FIR_v2_opt/src/FIR.cpp:22]   --->   Operation 92 'store' 'store_ln22' <Predicate = true> <Delay = 0.00>
ST_1 : Operation 93 [1/1] (0.00ns)   --->   "%p_ZZ10FIR_filterRN3hls6streamI8ap_fixedILi24ELi1EL9ap_q_mode4EL9ap_o_mode0ELi1EEL_163 = load i24 %p_ZZ10FIR_filterRN3hls6streamI8ap_fixedILi24ELi1EL9ap_q_mode4EL9ap_o_mode0ELi1EEL_41" [FIR_v2_opt/src/FIR.cpp:22]   --->   Operation 93 'load' 'p_ZZ10FIR_filterRN3hls6streamI8ap_fixedILi24ELi1EL9ap_q_mode4EL9ap_o_mode0ELi1EEL_163' <Predicate = true> <Delay = 0.00>
ST_1 : Operation 94 [1/1] (0.00ns)   --->   "%store_ln22 = store i24 %p_ZZ10FIR_filterRN3hls6streamI8ap_fixedILi24ELi1EL9ap_q_mode4EL9ap_o_mode0ELi1EEL_163, i24 %p_ZZ10FIR_filterRN3hls6streamI8ap_fixedILi24ELi1EL9ap_q_mode4EL9ap_o_mode0ELi1EEL_40" [FIR_v2_opt/src/FIR.cpp:22]   --->   Operation 94 'store' 'store_ln22' <Predicate = true> <Delay = 0.00>
ST_1 : Operation 95 [1/1] (0.00ns)   --->   "%p_ZZ10FIR_filterRN3hls6streamI8ap_fixedILi24ELi1EL9ap_q_mode4EL9ap_o_mode0ELi1EEL_164 = load i24 %p_ZZ10FIR_filterRN3hls6streamI8ap_fixedILi24ELi1EL9ap_q_mode4EL9ap_o_mode0ELi1EEL_42" [FIR_v2_opt/src/FIR.cpp:22]   --->   Operation 95 'load' 'p_ZZ10FIR_filterRN3hls6streamI8ap_fixedILi24ELi1EL9ap_q_mode4EL9ap_o_mode0ELi1EEL_164' <Predicate = true> <Delay = 0.00>
ST_1 : Operation 96 [1/1] (0.00ns)   --->   "%store_ln22 = store i24 %p_ZZ10FIR_filterRN3hls6streamI8ap_fixedILi24ELi1EL9ap_q_mode4EL9ap_o_mode0ELi1EEL_164, i24 %p_ZZ10FIR_filterRN3hls6streamI8ap_fixedILi24ELi1EL9ap_q_mode4EL9ap_o_mode0ELi1EEL_41" [FIR_v2_opt/src/FIR.cpp:22]   --->   Operation 96 'store' 'store_ln22' <Predicate = true> <Delay = 0.00>
ST_1 : Operation 97 [1/1] (0.00ns)   --->   "%p_ZZ10FIR_filterRN3hls6streamI8ap_fixedILi24ELi1EL9ap_q_mode4EL9ap_o_mode0ELi1EEL_165 = load i24 %p_ZZ10FIR_filterRN3hls6streamI8ap_fixedILi24ELi1EL9ap_q_mode4EL9ap_o_mode0ELi1EEL_43" [FIR_v2_opt/src/FIR.cpp:22]   --->   Operation 97 'load' 'p_ZZ10FIR_filterRN3hls6streamI8ap_fixedILi24ELi1EL9ap_q_mode4EL9ap_o_mode0ELi1EEL_165' <Predicate = true> <Delay = 0.00>
ST_1 : Operation 98 [1/1] (0.00ns)   --->   "%store_ln22 = store i24 %p_ZZ10FIR_filterRN3hls6streamI8ap_fixedILi24ELi1EL9ap_q_mode4EL9ap_o_mode0ELi1EEL_165, i24 %p_ZZ10FIR_filterRN3hls6streamI8ap_fixedILi24ELi1EL9ap_q_mode4EL9ap_o_mode0ELi1EEL_42" [FIR_v2_opt/src/FIR.cpp:22]   --->   Operation 98 'store' 'store_ln22' <Predicate = true> <Delay = 0.00>
ST_1 : Operation 99 [1/1] (0.00ns)   --->   "%p_ZZ10FIR_filterRN3hls6streamI8ap_fixedILi24ELi1EL9ap_q_mode4EL9ap_o_mode0ELi1EEL_166 = load i24 %p_ZZ10FIR_filterRN3hls6streamI8ap_fixedILi24ELi1EL9ap_q_mode4EL9ap_o_mode0ELi1EEL_44" [FIR_v2_opt/src/FIR.cpp:22]   --->   Operation 99 'load' 'p_ZZ10FIR_filterRN3hls6streamI8ap_fixedILi24ELi1EL9ap_q_mode4EL9ap_o_mode0ELi1EEL_166' <Predicate = true> <Delay = 0.00>
ST_1 : Operation 100 [1/1] (0.00ns)   --->   "%store_ln22 = store i24 %p_ZZ10FIR_filterRN3hls6streamI8ap_fixedILi24ELi1EL9ap_q_mode4EL9ap_o_mode0ELi1EEL_166, i24 %p_ZZ10FIR_filterRN3hls6streamI8ap_fixedILi24ELi1EL9ap_q_mode4EL9ap_o_mode0ELi1EEL_43" [FIR_v2_opt/src/FIR.cpp:22]   --->   Operation 100 'store' 'store_ln22' <Predicate = true> <Delay = 0.00>
ST_1 : Operation 101 [1/1] (0.00ns)   --->   "%p_ZZ10FIR_filterRN3hls6streamI8ap_fixedILi24ELi1EL9ap_q_mode4EL9ap_o_mode0ELi1EEL_167 = load i24 %p_ZZ10FIR_filterRN3hls6streamI8ap_fixedILi24ELi1EL9ap_q_mode4EL9ap_o_mode0ELi1EEL_45" [FIR_v2_opt/src/FIR.cpp:22]   --->   Operation 101 'load' 'p_ZZ10FIR_filterRN3hls6streamI8ap_fixedILi24ELi1EL9ap_q_mode4EL9ap_o_mode0ELi1EEL_167' <Predicate = true> <Delay = 0.00>
ST_1 : Operation 102 [1/1] (0.00ns)   --->   "%store_ln22 = store i24 %p_ZZ10FIR_filterRN3hls6streamI8ap_fixedILi24ELi1EL9ap_q_mode4EL9ap_o_mode0ELi1EEL_167, i24 %p_ZZ10FIR_filterRN3hls6streamI8ap_fixedILi24ELi1EL9ap_q_mode4EL9ap_o_mode0ELi1EEL_44" [FIR_v2_opt/src/FIR.cpp:22]   --->   Operation 102 'store' 'store_ln22' <Predicate = true> <Delay = 0.00>
ST_1 : Operation 103 [1/1] (0.00ns)   --->   "%p_ZZ10FIR_filterRN3hls6streamI8ap_fixedILi24ELi1EL9ap_q_mode4EL9ap_o_mode0ELi1EEL_168 = load i24 %p_ZZ10FIR_filterRN3hls6streamI8ap_fixedILi24ELi1EL9ap_q_mode4EL9ap_o_mode0ELi1EEL_46" [FIR_v2_opt/src/FIR.cpp:22]   --->   Operation 103 'load' 'p_ZZ10FIR_filterRN3hls6streamI8ap_fixedILi24ELi1EL9ap_q_mode4EL9ap_o_mode0ELi1EEL_168' <Predicate = true> <Delay = 0.00>
ST_1 : Operation 104 [1/1] (0.00ns)   --->   "%store_ln22 = store i24 %p_ZZ10FIR_filterRN3hls6streamI8ap_fixedILi24ELi1EL9ap_q_mode4EL9ap_o_mode0ELi1EEL_168, i24 %p_ZZ10FIR_filterRN3hls6streamI8ap_fixedILi24ELi1EL9ap_q_mode4EL9ap_o_mode0ELi1EEL_45" [FIR_v2_opt/src/FIR.cpp:22]   --->   Operation 104 'store' 'store_ln22' <Predicate = true> <Delay = 0.00>
ST_1 : Operation 105 [1/1] (0.00ns)   --->   "%p_ZZ10FIR_filterRN3hls6streamI8ap_fixedILi24ELi1EL9ap_q_mode4EL9ap_o_mode0ELi1EEL_169 = load i24 %p_ZZ10FIR_filterRN3hls6streamI8ap_fixedILi24ELi1EL9ap_q_mode4EL9ap_o_mode0ELi1EEL_47" [FIR_v2_opt/src/FIR.cpp:22]   --->   Operation 105 'load' 'p_ZZ10FIR_filterRN3hls6streamI8ap_fixedILi24ELi1EL9ap_q_mode4EL9ap_o_mode0ELi1EEL_169' <Predicate = true> <Delay = 0.00>
ST_1 : Operation 106 [1/1] (0.00ns)   --->   "%store_ln22 = store i24 %p_ZZ10FIR_filterRN3hls6streamI8ap_fixedILi24ELi1EL9ap_q_mode4EL9ap_o_mode0ELi1EEL_169, i24 %p_ZZ10FIR_filterRN3hls6streamI8ap_fixedILi24ELi1EL9ap_q_mode4EL9ap_o_mode0ELi1EEL_46" [FIR_v2_opt/src/FIR.cpp:22]   --->   Operation 106 'store' 'store_ln22' <Predicate = true> <Delay = 0.00>
ST_1 : Operation 107 [1/1] (0.00ns)   --->   "%p_ZZ10FIR_filterRN3hls6streamI8ap_fixedILi24ELi1EL9ap_q_mode4EL9ap_o_mode0ELi1EEL_170 = load i24 %p_ZZ10FIR_filterRN3hls6streamI8ap_fixedILi24ELi1EL9ap_q_mode4EL9ap_o_mode0ELi1EEL_48" [FIR_v2_opt/src/FIR.cpp:22]   --->   Operation 107 'load' 'p_ZZ10FIR_filterRN3hls6streamI8ap_fixedILi24ELi1EL9ap_q_mode4EL9ap_o_mode0ELi1EEL_170' <Predicate = true> <Delay = 0.00>
ST_1 : Operation 108 [1/1] (0.00ns)   --->   "%store_ln22 = store i24 %p_ZZ10FIR_filterRN3hls6streamI8ap_fixedILi24ELi1EL9ap_q_mode4EL9ap_o_mode0ELi1EEL_170, i24 %p_ZZ10FIR_filterRN3hls6streamI8ap_fixedILi24ELi1EL9ap_q_mode4EL9ap_o_mode0ELi1EEL_47" [FIR_v2_opt/src/FIR.cpp:22]   --->   Operation 108 'store' 'store_ln22' <Predicate = true> <Delay = 0.00>
ST_1 : Operation 109 [1/1] (0.00ns)   --->   "%p_ZZ10FIR_filterRN3hls6streamI8ap_fixedILi24ELi1EL9ap_q_mode4EL9ap_o_mode0ELi1EEL_171 = load i24 %p_ZZ10FIR_filterRN3hls6streamI8ap_fixedILi24ELi1EL9ap_q_mode4EL9ap_o_mode0ELi1EEL_49" [FIR_v2_opt/src/FIR.cpp:22]   --->   Operation 109 'load' 'p_ZZ10FIR_filterRN3hls6streamI8ap_fixedILi24ELi1EL9ap_q_mode4EL9ap_o_mode0ELi1EEL_171' <Predicate = true> <Delay = 0.00>
ST_1 : Operation 110 [1/1] (0.00ns)   --->   "%store_ln22 = store i24 %p_ZZ10FIR_filterRN3hls6streamI8ap_fixedILi24ELi1EL9ap_q_mode4EL9ap_o_mode0ELi1EEL_171, i24 %p_ZZ10FIR_filterRN3hls6streamI8ap_fixedILi24ELi1EL9ap_q_mode4EL9ap_o_mode0ELi1EEL_48" [FIR_v2_opt/src/FIR.cpp:22]   --->   Operation 110 'store' 'store_ln22' <Predicate = true> <Delay = 0.00>
ST_1 : Operation 111 [1/1] (0.00ns)   --->   "%p_ZZ10FIR_filterRN3hls6streamI8ap_fixedILi24ELi1EL9ap_q_mode4EL9ap_o_mode0ELi1EEL_172 = load i24 %p_ZZ10FIR_filterRN3hls6streamI8ap_fixedILi24ELi1EL9ap_q_mode4EL9ap_o_mode0ELi1EEL_50" [FIR_v2_opt/src/FIR.cpp:22]   --->   Operation 111 'load' 'p_ZZ10FIR_filterRN3hls6streamI8ap_fixedILi24ELi1EL9ap_q_mode4EL9ap_o_mode0ELi1EEL_172' <Predicate = true> <Delay = 0.00>
ST_1 : Operation 112 [1/1] (0.00ns)   --->   "%store_ln22 = store i24 %p_ZZ10FIR_filterRN3hls6streamI8ap_fixedILi24ELi1EL9ap_q_mode4EL9ap_o_mode0ELi1EEL_172, i24 %p_ZZ10FIR_filterRN3hls6streamI8ap_fixedILi24ELi1EL9ap_q_mode4EL9ap_o_mode0ELi1EEL_49" [FIR_v2_opt/src/FIR.cpp:22]   --->   Operation 112 'store' 'store_ln22' <Predicate = true> <Delay = 0.00>
ST_1 : Operation 113 [1/1] (0.00ns)   --->   "%p_ZZ10FIR_filterRN3hls6streamI8ap_fixedILi24ELi1EL9ap_q_mode4EL9ap_o_mode0ELi1EEL_173 = load i24 %p_ZZ10FIR_filterRN3hls6streamI8ap_fixedILi24ELi1EL9ap_q_mode4EL9ap_o_mode0ELi1EEL_51" [FIR_v2_opt/src/FIR.cpp:22]   --->   Operation 113 'load' 'p_ZZ10FIR_filterRN3hls6streamI8ap_fixedILi24ELi1EL9ap_q_mode4EL9ap_o_mode0ELi1EEL_173' <Predicate = true> <Delay = 0.00>
ST_1 : Operation 114 [1/1] (0.00ns)   --->   "%store_ln22 = store i24 %p_ZZ10FIR_filterRN3hls6streamI8ap_fixedILi24ELi1EL9ap_q_mode4EL9ap_o_mode0ELi1EEL_173, i24 %p_ZZ10FIR_filterRN3hls6streamI8ap_fixedILi24ELi1EL9ap_q_mode4EL9ap_o_mode0ELi1EEL_50" [FIR_v2_opt/src/FIR.cpp:22]   --->   Operation 114 'store' 'store_ln22' <Predicate = true> <Delay = 0.00>
ST_1 : Operation 115 [1/1] (0.00ns)   --->   "%p_ZZ10FIR_filterRN3hls6streamI8ap_fixedILi24ELi1EL9ap_q_mode4EL9ap_o_mode0ELi1EEL_174 = load i24 %p_ZZ10FIR_filterRN3hls6streamI8ap_fixedILi24ELi1EL9ap_q_mode4EL9ap_o_mode0ELi1EEL_52" [FIR_v2_opt/src/FIR.cpp:22]   --->   Operation 115 'load' 'p_ZZ10FIR_filterRN3hls6streamI8ap_fixedILi24ELi1EL9ap_q_mode4EL9ap_o_mode0ELi1EEL_174' <Predicate = true> <Delay = 0.00>
ST_1 : Operation 116 [1/1] (0.00ns)   --->   "%store_ln22 = store i24 %p_ZZ10FIR_filterRN3hls6streamI8ap_fixedILi24ELi1EL9ap_q_mode4EL9ap_o_mode0ELi1EEL_174, i24 %p_ZZ10FIR_filterRN3hls6streamI8ap_fixedILi24ELi1EL9ap_q_mode4EL9ap_o_mode0ELi1EEL_51" [FIR_v2_opt/src/FIR.cpp:22]   --->   Operation 116 'store' 'store_ln22' <Predicate = true> <Delay = 0.00>
ST_1 : Operation 117 [1/1] (0.00ns)   --->   "%FIR_filter_stream_stream_ap_fixed_32_7_4_0_1_0_fir_shift_reg_load = load i24 %FIR_filter_stream_stream_ap_fixed_32_7_4_0_1_0_fir_shift_reg" [FIR_v2_opt/src/FIR.cpp:22]   --->   Operation 117 'load' 'FIR_filter_stream_stream_ap_fixed_32_7_4_0_1_0_fir_shift_reg_load' <Predicate = true> <Delay = 0.00>
ST_1 : Operation 118 [1/1] (0.00ns)   --->   "%store_ln22 = store i24 %FIR_filter_stream_stream_ap_fixed_32_7_4_0_1_0_fir_shift_reg_load, i24 %p_ZZ10FIR_filterRN3hls6streamI8ap_fixedILi24ELi1EL9ap_q_mode4EL9ap_o_mode0ELi1EEL_52" [FIR_v2_opt/src/FIR.cpp:22]   --->   Operation 118 'store' 'store_ln22' <Predicate = true> <Delay = 0.00>
ST_1 : Operation 119 [1/1] (0.00ns)   --->   "%FIR_filter_stream_stream_ap_fixed_32_7_4_0_1_0_fir_shift_reg_1_load = load i24 %FIR_filter_stream_stream_ap_fixed_32_7_4_0_1_0_fir_shift_reg_1" [FIR_v2_opt/src/FIR.cpp:22]   --->   Operation 119 'load' 'FIR_filter_stream_stream_ap_fixed_32_7_4_0_1_0_fir_shift_reg_1_load' <Predicate = true> <Delay = 0.00>
ST_1 : Operation 120 [1/1] (0.00ns)   --->   "%store_ln22 = store i24 %FIR_filter_stream_stream_ap_fixed_32_7_4_0_1_0_fir_shift_reg_1_load, i24 %FIR_filter_stream_stream_ap_fixed_32_7_4_0_1_0_fir_shift_reg" [FIR_v2_opt/src/FIR.cpp:22]   --->   Operation 120 'store' 'store_ln22' <Predicate = true> <Delay = 0.00>
ST_1 : Operation 121 [1/1] (0.00ns)   --->   "%FIR_filter_stream_stream_ap_fixed_32_7_4_0_1_0_fir_shift_reg_2_load = load i24 %FIR_filter_stream_stream_ap_fixed_32_7_4_0_1_0_fir_shift_reg_2" [FIR_v2_opt/src/FIR.cpp:22]   --->   Operation 121 'load' 'FIR_filter_stream_stream_ap_fixed_32_7_4_0_1_0_fir_shift_reg_2_load' <Predicate = true> <Delay = 0.00>
ST_1 : Operation 122 [1/1] (0.00ns)   --->   "%store_ln22 = store i24 %FIR_filter_stream_stream_ap_fixed_32_7_4_0_1_0_fir_shift_reg_2_load, i24 %FIR_filter_stream_stream_ap_fixed_32_7_4_0_1_0_fir_shift_reg_1" [FIR_v2_opt/src/FIR.cpp:22]   --->   Operation 122 'store' 'store_ln22' <Predicate = true> <Delay = 0.00>
ST_1 : Operation 123 [1/1] (0.00ns)   --->   "%FIR_filter_stream_stream_ap_fixed_32_7_4_0_1_0_fir_shift_reg_3_load = load i24 %FIR_filter_stream_stream_ap_fixed_32_7_4_0_1_0_fir_shift_reg_3" [FIR_v2_opt/src/FIR.cpp:22]   --->   Operation 123 'load' 'FIR_filter_stream_stream_ap_fixed_32_7_4_0_1_0_fir_shift_reg_3_load' <Predicate = true> <Delay = 0.00>
ST_1 : Operation 124 [1/1] (0.00ns)   --->   "%store_ln22 = store i24 %FIR_filter_stream_stream_ap_fixed_32_7_4_0_1_0_fir_shift_reg_3_load, i24 %FIR_filter_stream_stream_ap_fixed_32_7_4_0_1_0_fir_shift_reg_2" [FIR_v2_opt/src/FIR.cpp:22]   --->   Operation 124 'store' 'store_ln22' <Predicate = true> <Delay = 0.00>
ST_1 : Operation 125 [1/1] (0.00ns)   --->   "%FIR_filter_stream_stream_ap_fixed_32_7_4_0_1_0_fir_shift_reg_4_load = load i24 %FIR_filter_stream_stream_ap_fixed_32_7_4_0_1_0_fir_shift_reg_4" [FIR_v2_opt/src/FIR.cpp:22]   --->   Operation 125 'load' 'FIR_filter_stream_stream_ap_fixed_32_7_4_0_1_0_fir_shift_reg_4_load' <Predicate = true> <Delay = 0.00>
ST_1 : Operation 126 [1/1] (0.00ns)   --->   "%store_ln22 = store i24 %FIR_filter_stream_stream_ap_fixed_32_7_4_0_1_0_fir_shift_reg_4_load, i24 %FIR_filter_stream_stream_ap_fixed_32_7_4_0_1_0_fir_shift_reg_3" [FIR_v2_opt/src/FIR.cpp:22]   --->   Operation 126 'store' 'store_ln22' <Predicate = true> <Delay = 0.00>
ST_1 : Operation 127 [1/1] (0.00ns)   --->   "%FIR_filter_stream_stream_ap_fixed_32_7_4_0_1_0_fir_shift_reg_5_load = load i24 %FIR_filter_stream_stream_ap_fixed_32_7_4_0_1_0_fir_shift_reg_5" [FIR_v2_opt/src/FIR.cpp:22]   --->   Operation 127 'load' 'FIR_filter_stream_stream_ap_fixed_32_7_4_0_1_0_fir_shift_reg_5_load' <Predicate = true> <Delay = 0.00>
ST_1 : Operation 128 [1/1] (0.00ns)   --->   "%store_ln22 = store i24 %FIR_filter_stream_stream_ap_fixed_32_7_4_0_1_0_fir_shift_reg_5_load, i24 %FIR_filter_stream_stream_ap_fixed_32_7_4_0_1_0_fir_shift_reg_4" [FIR_v2_opt/src/FIR.cpp:22]   --->   Operation 128 'store' 'store_ln22' <Predicate = true> <Delay = 0.00>
ST_1 : Operation 129 [1/1] (0.00ns)   --->   "%FIR_filter_stream_stream_ap_fixed_32_7_4_0_1_0_fir_shift_reg_6_load = load i24 %FIR_filter_stream_stream_ap_fixed_32_7_4_0_1_0_fir_shift_reg_6" [FIR_v2_opt/src/FIR.cpp:22]   --->   Operation 129 'load' 'FIR_filter_stream_stream_ap_fixed_32_7_4_0_1_0_fir_shift_reg_6_load' <Predicate = true> <Delay = 0.00>
ST_1 : Operation 130 [1/1] (0.00ns)   --->   "%store_ln22 = store i24 %FIR_filter_stream_stream_ap_fixed_32_7_4_0_1_0_fir_shift_reg_6_load, i24 %FIR_filter_stream_stream_ap_fixed_32_7_4_0_1_0_fir_shift_reg_5" [FIR_v2_opt/src/FIR.cpp:22]   --->   Operation 130 'store' 'store_ln22' <Predicate = true> <Delay = 0.00>
ST_1 : Operation 131 [1/1] (0.00ns)   --->   "%FIR_filter_stream_stream_ap_fixed_32_7_4_0_1_0_fir_shift_reg_7_load = load i24 %FIR_filter_stream_stream_ap_fixed_32_7_4_0_1_0_fir_shift_reg_7" [FIR_v2_opt/src/FIR.cpp:22]   --->   Operation 131 'load' 'FIR_filter_stream_stream_ap_fixed_32_7_4_0_1_0_fir_shift_reg_7_load' <Predicate = true> <Delay = 0.00>
ST_1 : Operation 132 [1/1] (0.00ns)   --->   "%store_ln22 = store i24 %FIR_filter_stream_stream_ap_fixed_32_7_4_0_1_0_fir_shift_reg_7_load, i24 %FIR_filter_stream_stream_ap_fixed_32_7_4_0_1_0_fir_shift_reg_6" [FIR_v2_opt/src/FIR.cpp:22]   --->   Operation 132 'store' 'store_ln22' <Predicate = true> <Delay = 0.00>
ST_1 : Operation 133 [1/1] (0.00ns)   --->   "%FIR_filter_stream_stream_ap_fixed_32_7_4_0_1_0_fir_shift_reg_8_load = load i24 %FIR_filter_stream_stream_ap_fixed_32_7_4_0_1_0_fir_shift_reg_8" [FIR_v2_opt/src/FIR.cpp:22]   --->   Operation 133 'load' 'FIR_filter_stream_stream_ap_fixed_32_7_4_0_1_0_fir_shift_reg_8_load' <Predicate = true> <Delay = 0.00>
ST_1 : Operation 134 [1/1] (0.00ns)   --->   "%store_ln22 = store i24 %FIR_filter_stream_stream_ap_fixed_32_7_4_0_1_0_fir_shift_reg_8_load, i24 %FIR_filter_stream_stream_ap_fixed_32_7_4_0_1_0_fir_shift_reg_7" [FIR_v2_opt/src/FIR.cpp:22]   --->   Operation 134 'store' 'store_ln22' <Predicate = true> <Delay = 0.00>
ST_1 : Operation 135 [1/1] (0.00ns)   --->   "%FIR_filter_stream_stream_ap_fixed_32_7_4_0_1_0_fir_shift_reg_9_load = load i24 %FIR_filter_stream_stream_ap_fixed_32_7_4_0_1_0_fir_shift_reg_9" [FIR_v2_opt/src/FIR.cpp:22]   --->   Operation 135 'load' 'FIR_filter_stream_stream_ap_fixed_32_7_4_0_1_0_fir_shift_reg_9_load' <Predicate = true> <Delay = 0.00>
ST_1 : Operation 136 [1/1] (0.00ns)   --->   "%store_ln22 = store i24 %FIR_filter_stream_stream_ap_fixed_32_7_4_0_1_0_fir_shift_reg_9_load, i24 %FIR_filter_stream_stream_ap_fixed_32_7_4_0_1_0_fir_shift_reg_8" [FIR_v2_opt/src/FIR.cpp:22]   --->   Operation 136 'store' 'store_ln22' <Predicate = true> <Delay = 0.00>
ST_1 : Operation 137 [1/1] (0.00ns)   --->   "%data_in_stream_read = read i24 @_ssdm_op_Read.axis.volatile.i24P128A, i24 %data_in_stream" [FIR_v2_opt/src/FIR.cpp:24]   --->   Operation 137 'read' 'data_in_stream_read' <Predicate = true> <Delay = 0.00> <CoreInst = "axis">   --->   Core 115 'axis' <Latency = 0> <II = 1> <Delay = 1.00> <Adapter> <Opcode : >
ST_1 : Operation 138 [1/1] (0.00ns)   --->   "%store_ln24 = store i24 %data_in_stream_read, i24 %FIR_filter_stream_stream_ap_fixed_32_7_4_0_1_0_fir_shift_reg_9" [FIR_v2_opt/src/FIR.cpp:24]   --->   Operation 138 'store' 'store_ln24' <Predicate = true> <Delay = 0.00>
ST_1 : Operation 139 [2/2] (2.06ns)   --->   "%call_ln24 = call void @FIR_filter_Pipeline_VITIS_LOOP_49_1, i24 %data_in_stream_read, i24 %FIR_filter_stream_stream_ap_fixed_32_7_4_0_1_0_fir_shift_reg_9_load, i24 %FIR_filter_stream_stream_ap_fixed_32_7_4_0_1_0_fir_shift_reg_8_load, i24 %FIR_filter_stream_stream_ap_fixed_32_7_4_0_1_0_fir_shift_reg_7_load, i24 %FIR_filter_stream_stream_ap_fixed_32_7_4_0_1_0_fir_shift_reg_6_load, i24 %FIR_filter_stream_stream_ap_fixed_32_7_4_0_1_0_fir_shift_reg_5_load, i24 %FIR_filter_stream_stream_ap_fixed_32_7_4_0_1_0_fir_shift_reg_4_load, i24 %FIR_filter_stream_stream_ap_fixed_32_7_4_0_1_0_fir_shift_reg_3_load, i24 %FIR_filter_stream_stream_ap_fixed_32_7_4_0_1_0_fir_shift_reg_2_load, i24 %FIR_filter_stream_stream_ap_fixed_32_7_4_0_1_0_fir_shift_reg_1_load, i24 %FIR_filter_stream_stream_ap_fixed_32_7_4_0_1_0_fir_shift_reg_load, i24 %p_ZZ10FIR_filterRN3hls6streamI8ap_fixedILi24ELi1EL9ap_q_mode4EL9ap_o_mode0ELi1EEL_174, i24 %p_ZZ10FIR_filterRN3hls6streamI8ap_fixedILi24ELi1EL9ap_q_mode4EL9ap_o_mode0ELi1EEL_173, i24 %p_ZZ10FIR_filterRN3hls6streamI8ap_fixedILi24ELi1EL9ap_q_mode4EL9ap_o_mode0ELi1EEL_172, i24 %p_ZZ10FIR_filterRN3hls6streamI8ap_fixedILi24ELi1EL9ap_q_mode4EL9ap_o_mode0ELi1EEL_171, i24 %p_ZZ10FIR_filterRN3hls6streamI8ap_fixedILi24ELi1EL9ap_q_mode4EL9ap_o_mode0ELi1EEL_170, i32 %lhs_V_loc, i11 %p_ZL9FIR_coefs_0" [FIR_v2_opt/src/FIR.cpp:24]   --->   Operation 139 'call' 'call_ln24' <Predicate = true> <Delay = 2.06> <CoreType = "Generic">   --->   Core 0 '' <Latency = 0> <II = 1> <Delay = 1.00> <Generic> <Opcode : >
ST_1 : Operation 140 [2/2] (2.06ns)   --->   "%call_ln22 = call void @FIR_filter_Pipeline_VITIS_LOOP_49_11, i24 %p_ZZ10FIR_filterRN3hls6streamI8ap_fixedILi24ELi1EL9ap_q_mode4EL9ap_o_mode0ELi1EEL_169, i24 %p_ZZ10FIR_filterRN3hls6streamI8ap_fixedILi24ELi1EL9ap_q_mode4EL9ap_o_mode0ELi1EEL_168, i24 %p_ZZ10FIR_filterRN3hls6streamI8ap_fixedILi24ELi1EL9ap_q_mode4EL9ap_o_mode0ELi1EEL_167, i24 %p_ZZ10FIR_filterRN3hls6streamI8ap_fixedILi24ELi1EL9ap_q_mode4EL9ap_o_mode0ELi1EEL_166, i24 %p_ZZ10FIR_filterRN3hls6streamI8ap_fixedILi24ELi1EL9ap_q_mode4EL9ap_o_mode0ELi1EEL_165, i24 %p_ZZ10FIR_filterRN3hls6streamI8ap_fixedILi24ELi1EL9ap_q_mode4EL9ap_o_mode0ELi1EEL_164, i24 %p_ZZ10FIR_filterRN3hls6streamI8ap_fixedILi24ELi1EL9ap_q_mode4EL9ap_o_mode0ELi1EEL_163, i24 %p_ZZ10FIR_filterRN3hls6streamI8ap_fixedILi24ELi1EL9ap_q_mode4EL9ap_o_mode0ELi1EEL_162, i24 %p_ZZ10FIR_filterRN3hls6streamI8ap_fixedILi24ELi1EL9ap_q_mode4EL9ap_o_mode0ELi1EEL_161, i24 %p_ZZ10FIR_filterRN3hls6streamI8ap_fixedILi24ELi1EL9ap_q_mode4EL9ap_o_mode0ELi1EEL_160, i24 %p_ZZ10FIR_filterRN3hls6streamI8ap_fixedILi24ELi1EL9ap_q_mode4EL9ap_o_mode0ELi1EEL_159, i24 %p_ZZ10FIR_filterRN3hls6streamI8ap_fixedILi24ELi1EL9ap_q_mode4EL9ap_o_mode0ELi1EEL_158, i24 %p_ZZ10FIR_filterRN3hls6streamI8ap_fixedILi24ELi1EL9ap_q_mode4EL9ap_o_mode0ELi1EEL_157, i24 %p_ZZ10FIR_filterRN3hls6streamI8ap_fixedILi24ELi1EL9ap_q_mode4EL9ap_o_mode0ELi1EEL_156, i24 %p_ZZ10FIR_filterRN3hls6streamI8ap_fixedILi24ELi1EL9ap_q_mode4EL9ap_o_mode0ELi1EEL_155, i24 %p_ZZ10FIR_filterRN3hls6streamI8ap_fixedILi24ELi1EL9ap_q_mode4EL9ap_o_mode0ELi1EEL_154, i32 %lhs_V_1_loc, i13 %p_ZL9FIR_coefs_1" [FIR_v2_opt/src/FIR.cpp:22]   --->   Operation 140 'call' 'call_ln22' <Predicate = true> <Delay = 2.06> <CoreType = "Generic">   --->   Core 0 '' <Latency = 0> <II = 1> <Delay = 1.00> <Generic> <Opcode : >
ST_1 : Operation 141 [2/2] (2.06ns)   --->   "%call_ln22 = call void @FIR_filter_Pipeline_VITIS_LOOP_49_12, i24 %p_ZZ10FIR_filterRN3hls6streamI8ap_fixedILi24ELi1EL9ap_q_mode4EL9ap_o_mode0ELi1EEL_153, i24 %p_ZZ10FIR_filterRN3hls6streamI8ap_fixedILi24ELi1EL9ap_q_mode4EL9ap_o_mode0ELi1EEL_152, i24 %p_ZZ10FIR_filterRN3hls6streamI8ap_fixedILi24ELi1EL9ap_q_mode4EL9ap_o_mode0ELi1EEL_151, i24 %p_ZZ10FIR_filterRN3hls6streamI8ap_fixedILi24ELi1EL9ap_q_mode4EL9ap_o_mode0ELi1EEL_150, i24 %p_ZZ10FIR_filterRN3hls6streamI8ap_fixedILi24ELi1EL9ap_q_mode4EL9ap_o_mode0ELi1EEL_149, i24 %p_ZZ10FIR_filterRN3hls6streamI8ap_fixedILi24ELi1EL9ap_q_mode4EL9ap_o_mode0ELi1EEL_148, i24 %p_ZZ10FIR_filterRN3hls6streamI8ap_fixedILi24ELi1EL9ap_q_mode4EL9ap_o_mode0ELi1EEL_147, i24 %p_ZZ10FIR_filterRN3hls6streamI8ap_fixedILi24ELi1EL9ap_q_mode4EL9ap_o_mode0ELi1EEL_146, i24 %p_ZZ10FIR_filterRN3hls6streamI8ap_fixedILi24ELi1EL9ap_q_mode4EL9ap_o_mode0ELi1EEL_145, i24 %p_ZZ10FIR_filterRN3hls6streamI8ap_fixedILi24ELi1EL9ap_q_mode4EL9ap_o_mode0ELi1EEL_144, i24 %p_ZZ10FIR_filterRN3hls6streamI8ap_fixedILi24ELi1EL9ap_q_mode4EL9ap_o_mode0ELi1EEL_143, i24 %p_ZZ10FIR_filterRN3hls6streamI8ap_fixedILi24ELi1EL9ap_q_mode4EL9ap_o_mode0ELi1EEL_142, i24 %p_ZZ10FIR_filterRN3hls6streamI8ap_fixedILi24ELi1EL9ap_q_mode4EL9ap_o_mode0ELi1EEL_141, i24 %p_ZZ10FIR_filterRN3hls6streamI8ap_fixedILi24ELi1EL9ap_q_mode4EL9ap_o_mode0ELi1EEL_140, i24 %p_ZZ10FIR_filterRN3hls6streamI8ap_fixedILi24ELi1EL9ap_q_mode4EL9ap_o_mode0ELi1EEL_139, i24 %p_ZZ10FIR_filterRN3hls6streamI8ap_fixedILi24ELi1EL9ap_q_mode4EL9ap_o_mode0ELi1EEL_138, i32 %lhs_V_2_loc, i13 %p_ZL9FIR_coefs_2" [FIR_v2_opt/src/FIR.cpp:22]   --->   Operation 141 'call' 'call_ln22' <Predicate = true> <Delay = 2.06> <CoreType = "Generic">   --->   Core 0 '' <Latency = 0> <II = 1> <Delay = 1.00> <Generic> <Opcode : >
ST_1 : Operation 142 [2/2] (2.06ns)   --->   "%call_ln22 = call void @FIR_filter_Pipeline_VITIS_LOOP_49_13, i24 %p_ZZ10FIR_filterRN3hls6streamI8ap_fixedILi24ELi1EL9ap_q_mode4EL9ap_o_mode0ELi1EEL_137, i24 %p_ZZ10FIR_filterRN3hls6streamI8ap_fixedILi24ELi1EL9ap_q_mode4EL9ap_o_mode0ELi1EEL_136, i24 %p_ZZ10FIR_filterRN3hls6streamI8ap_fixedILi24ELi1EL9ap_q_mode4EL9ap_o_mode0ELi1EEL_135, i24 %p_ZZ10FIR_filterRN3hls6streamI8ap_fixedILi24ELi1EL9ap_q_mode4EL9ap_o_mode0ELi1EEL_134, i24 %p_ZZ10FIR_filterRN3hls6streamI8ap_fixedILi24ELi1EL9ap_q_mode4EL9ap_o_mode0ELi1EEL_133, i24 %p_ZZ10FIR_filterRN3hls6streamI8ap_fixedILi24ELi1EL9ap_q_mode4EL9ap_o_mode0ELi1EEL_132, i24 %p_ZZ10FIR_filterRN3hls6streamI8ap_fixedILi24ELi1EL9ap_q_mode4EL9ap_o_mode0ELi1EEL_131, i24 %p_ZZ10FIR_filterRN3hls6streamI8ap_fixedILi24ELi1EL9ap_q_mode4EL9ap_o_mode0ELi1EEL_130, i24 %p_ZZ10FIR_filterRN3hls6streamI8ap_fixedILi24ELi1EL9ap_q_mode4EL9ap_o_mode0ELi1EEL_129, i24 %p_ZZ10FIR_filterRN3hls6streamI8ap_fixedILi24ELi1EL9ap_q_mode4EL9ap_o_mode0ELi1EEL_128, i24 %p_ZZ10FIR_filterRN3hls6streamI8ap_fixedILi24ELi1EL9ap_q_mode4EL9ap_o_mode0ELi1EEL_127, i24 %p_ZZ10FIR_filterRN3hls6streamI8ap_fixedILi24ELi1EL9ap_q_mode4EL9ap_o_mode0ELi1EEL_126, i24 %p_ZZ10FIR_filterRN3hls6streamI8ap_fixedILi24ELi1EL9ap_q_mode4EL9ap_o_mode0ELi1EEL_125, i24 %p_ZZ10FIR_filterRN3hls6streamI8ap_fixedILi24ELi1EL9ap_q_mode4EL9ap_o_mode0ELi1EEL_124, i24 %p_ZZ10FIR_filterRN3hls6streamI8ap_fixedILi24ELi1EL9ap_q_mode4EL9ap_o_mode0ELi1EEL_123, i24 %p_ZZ10FIR_filterRN3hls6streamI8ap_fixedILi24ELi1EL9ap_q_mode4EL9ap_o_mode0ELi1EEL_122, i32 %lhs_V_3_loc, i11 %p_ZL9FIR_coefs_3" [FIR_v2_opt/src/FIR.cpp:22]   --->   Operation 142 'call' 'call_ln22' <Predicate = true> <Delay = 2.06> <CoreType = "Generic">   --->   Core 0 '' <Latency = 0> <II = 1> <Delay = 1.00> <Generic> <Opcode : >

State 2 <SV = 1> <Delay = 0.00>
ST_2 : Operation 143 [1/2] (0.00ns)   --->   "%call_ln24 = call void @FIR_filter_Pipeline_VITIS_LOOP_49_1, i24 %data_in_stream_read, i24 %FIR_filter_stream_stream_ap_fixed_32_7_4_0_1_0_fir_shift_reg_9_load, i24 %FIR_filter_stream_stream_ap_fixed_32_7_4_0_1_0_fir_shift_reg_8_load, i24 %FIR_filter_stream_stream_ap_fixed_32_7_4_0_1_0_fir_shift_reg_7_load, i24 %FIR_filter_stream_stream_ap_fixed_32_7_4_0_1_0_fir_shift_reg_6_load, i24 %FIR_filter_stream_stream_ap_fixed_32_7_4_0_1_0_fir_shift_reg_5_load, i24 %FIR_filter_stream_stream_ap_fixed_32_7_4_0_1_0_fir_shift_reg_4_load, i24 %FIR_filter_stream_stream_ap_fixed_32_7_4_0_1_0_fir_shift_reg_3_load, i24 %FIR_filter_stream_stream_ap_fixed_32_7_4_0_1_0_fir_shift_reg_2_load, i24 %FIR_filter_stream_stream_ap_fixed_32_7_4_0_1_0_fir_shift_reg_1_load, i24 %FIR_filter_stream_stream_ap_fixed_32_7_4_0_1_0_fir_shift_reg_load, i24 %p_ZZ10FIR_filterRN3hls6streamI8ap_fixedILi24ELi1EL9ap_q_mode4EL9ap_o_mode0ELi1EEL_174, i24 %p_ZZ10FIR_filterRN3hls6streamI8ap_fixedILi24ELi1EL9ap_q_mode4EL9ap_o_mode0ELi1EEL_173, i24 %p_ZZ10FIR_filterRN3hls6streamI8ap_fixedILi24ELi1EL9ap_q_mode4EL9ap_o_mode0ELi1EEL_172, i24 %p_ZZ10FIR_filterRN3hls6streamI8ap_fixedILi24ELi1EL9ap_q_mode4EL9ap_o_mode0ELi1EEL_171, i24 %p_ZZ10FIR_filterRN3hls6streamI8ap_fixedILi24ELi1EL9ap_q_mode4EL9ap_o_mode0ELi1EEL_170, i32 %lhs_V_loc, i11 %p_ZL9FIR_coefs_0" [FIR_v2_opt/src/FIR.cpp:24]   --->   Operation 143 'call' 'call_ln24' <Predicate = true> <Delay = 0.00> <CoreType = "Generic">   --->   Core 0 '' <Latency = 0> <II = 1> <Delay = 1.00> <Generic> <Opcode : >
ST_2 : Operation 144 [1/2] (0.00ns)   --->   "%call_ln22 = call void @FIR_filter_Pipeline_VITIS_LOOP_49_11, i24 %p_ZZ10FIR_filterRN3hls6streamI8ap_fixedILi24ELi1EL9ap_q_mode4EL9ap_o_mode0ELi1EEL_169, i24 %p_ZZ10FIR_filterRN3hls6streamI8ap_fixedILi24ELi1EL9ap_q_mode4EL9ap_o_mode0ELi1EEL_168, i24 %p_ZZ10FIR_filterRN3hls6streamI8ap_fixedILi24ELi1EL9ap_q_mode4EL9ap_o_mode0ELi1EEL_167, i24 %p_ZZ10FIR_filterRN3hls6streamI8ap_fixedILi24ELi1EL9ap_q_mode4EL9ap_o_mode0ELi1EEL_166, i24 %p_ZZ10FIR_filterRN3hls6streamI8ap_fixedILi24ELi1EL9ap_q_mode4EL9ap_o_mode0ELi1EEL_165, i24 %p_ZZ10FIR_filterRN3hls6streamI8ap_fixedILi24ELi1EL9ap_q_mode4EL9ap_o_mode0ELi1EEL_164, i24 %p_ZZ10FIR_filterRN3hls6streamI8ap_fixedILi24ELi1EL9ap_q_mode4EL9ap_o_mode0ELi1EEL_163, i24 %p_ZZ10FIR_filterRN3hls6streamI8ap_fixedILi24ELi1EL9ap_q_mode4EL9ap_o_mode0ELi1EEL_162, i24 %p_ZZ10FIR_filterRN3hls6streamI8ap_fixedILi24ELi1EL9ap_q_mode4EL9ap_o_mode0ELi1EEL_161, i24 %p_ZZ10FIR_filterRN3hls6streamI8ap_fixedILi24ELi1EL9ap_q_mode4EL9ap_o_mode0ELi1EEL_160, i24 %p_ZZ10FIR_filterRN3hls6streamI8ap_fixedILi24ELi1EL9ap_q_mode4EL9ap_o_mode0ELi1EEL_159, i24 %p_ZZ10FIR_filterRN3hls6streamI8ap_fixedILi24ELi1EL9ap_q_mode4EL9ap_o_mode0ELi1EEL_158, i24 %p_ZZ10FIR_filterRN3hls6streamI8ap_fixedILi24ELi1EL9ap_q_mode4EL9ap_o_mode0ELi1EEL_157, i24 %p_ZZ10FIR_filterRN3hls6streamI8ap_fixedILi24ELi1EL9ap_q_mode4EL9ap_o_mode0ELi1EEL_156, i24 %p_ZZ10FIR_filterRN3hls6streamI8ap_fixedILi24ELi1EL9ap_q_mode4EL9ap_o_mode0ELi1EEL_155, i24 %p_ZZ10FIR_filterRN3hls6streamI8ap_fixedILi24ELi1EL9ap_q_mode4EL9ap_o_mode0ELi1EEL_154, i32 %lhs_V_1_loc, i13 %p_ZL9FIR_coefs_1" [FIR_v2_opt/src/FIR.cpp:22]   --->   Operation 144 'call' 'call_ln22' <Predicate = true> <Delay = 0.00> <CoreType = "Generic">   --->   Core 0 '' <Latency = 0> <II = 1> <Delay = 1.00> <Generic> <Opcode : >
ST_2 : Operation 145 [1/2] (0.00ns)   --->   "%call_ln22 = call void @FIR_filter_Pipeline_VITIS_LOOP_49_12, i24 %p_ZZ10FIR_filterRN3hls6streamI8ap_fixedILi24ELi1EL9ap_q_mode4EL9ap_o_mode0ELi1EEL_153, i24 %p_ZZ10FIR_filterRN3hls6streamI8ap_fixedILi24ELi1EL9ap_q_mode4EL9ap_o_mode0ELi1EEL_152, i24 %p_ZZ10FIR_filterRN3hls6streamI8ap_fixedILi24ELi1EL9ap_q_mode4EL9ap_o_mode0ELi1EEL_151, i24 %p_ZZ10FIR_filterRN3hls6streamI8ap_fixedILi24ELi1EL9ap_q_mode4EL9ap_o_mode0ELi1EEL_150, i24 %p_ZZ10FIR_filterRN3hls6streamI8ap_fixedILi24ELi1EL9ap_q_mode4EL9ap_o_mode0ELi1EEL_149, i24 %p_ZZ10FIR_filterRN3hls6streamI8ap_fixedILi24ELi1EL9ap_q_mode4EL9ap_o_mode0ELi1EEL_148, i24 %p_ZZ10FIR_filterRN3hls6streamI8ap_fixedILi24ELi1EL9ap_q_mode4EL9ap_o_mode0ELi1EEL_147, i24 %p_ZZ10FIR_filterRN3hls6streamI8ap_fixedILi24ELi1EL9ap_q_mode4EL9ap_o_mode0ELi1EEL_146, i24 %p_ZZ10FIR_filterRN3hls6streamI8ap_fixedILi24ELi1EL9ap_q_mode4EL9ap_o_mode0ELi1EEL_145, i24 %p_ZZ10FIR_filterRN3hls6streamI8ap_fixedILi24ELi1EL9ap_q_mode4EL9ap_o_mode0ELi1EEL_144, i24 %p_ZZ10FIR_filterRN3hls6streamI8ap_fixedILi24ELi1EL9ap_q_mode4EL9ap_o_mode0ELi1EEL_143, i24 %p_ZZ10FIR_filterRN3hls6streamI8ap_fixedILi24ELi1EL9ap_q_mode4EL9ap_o_mode0ELi1EEL_142, i24 %p_ZZ10FIR_filterRN3hls6streamI8ap_fixedILi24ELi1EL9ap_q_mode4EL9ap_o_mode0ELi1EEL_141, i24 %p_ZZ10FIR_filterRN3hls6streamI8ap_fixedILi24ELi1EL9ap_q_mode4EL9ap_o_mode0ELi1EEL_140, i24 %p_ZZ10FIR_filterRN3hls6streamI8ap_fixedILi24ELi1EL9ap_q_mode4EL9ap_o_mode0ELi1EEL_139, i24 %p_ZZ10FIR_filterRN3hls6streamI8ap_fixedILi24ELi1EL9ap_q_mode4EL9ap_o_mode0ELi1EEL_138, i32 %lhs_V_2_loc, i13 %p_ZL9FIR_coefs_2" [FIR_v2_opt/src/FIR.cpp:22]   --->   Operation 145 'call' 'call_ln22' <Predicate = true> <Delay = 0.00> <CoreType = "Generic">   --->   Core 0 '' <Latency = 0> <II = 1> <Delay = 1.00> <Generic> <Opcode : >
ST_2 : Operation 146 [1/2] (0.00ns)   --->   "%call_ln22 = call void @FIR_filter_Pipeline_VITIS_LOOP_49_13, i24 %p_ZZ10FIR_filterRN3hls6streamI8ap_fixedILi24ELi1EL9ap_q_mode4EL9ap_o_mode0ELi1EEL_137, i24 %p_ZZ10FIR_filterRN3hls6streamI8ap_fixedILi24ELi1EL9ap_q_mode4EL9ap_o_mode0ELi1EEL_136, i24 %p_ZZ10FIR_filterRN3hls6streamI8ap_fixedILi24ELi1EL9ap_q_mode4EL9ap_o_mode0ELi1EEL_135, i24 %p_ZZ10FIR_filterRN3hls6streamI8ap_fixedILi24ELi1EL9ap_q_mode4EL9ap_o_mode0ELi1EEL_134, i24 %p_ZZ10FIR_filterRN3hls6streamI8ap_fixedILi24ELi1EL9ap_q_mode4EL9ap_o_mode0ELi1EEL_133, i24 %p_ZZ10FIR_filterRN3hls6streamI8ap_fixedILi24ELi1EL9ap_q_mode4EL9ap_o_mode0ELi1EEL_132, i24 %p_ZZ10FIR_filterRN3hls6streamI8ap_fixedILi24ELi1EL9ap_q_mode4EL9ap_o_mode0ELi1EEL_131, i24 %p_ZZ10FIR_filterRN3hls6streamI8ap_fixedILi24ELi1EL9ap_q_mode4EL9ap_o_mode0ELi1EEL_130, i24 %p_ZZ10FIR_filterRN3hls6streamI8ap_fixedILi24ELi1EL9ap_q_mode4EL9ap_o_mode0ELi1EEL_129, i24 %p_ZZ10FIR_filterRN3hls6streamI8ap_fixedILi24ELi1EL9ap_q_mode4EL9ap_o_mode0ELi1EEL_128, i24 %p_ZZ10FIR_filterRN3hls6streamI8ap_fixedILi24ELi1EL9ap_q_mode4EL9ap_o_mode0ELi1EEL_127, i24 %p_ZZ10FIR_filterRN3hls6streamI8ap_fixedILi24ELi1EL9ap_q_mode4EL9ap_o_mode0ELi1EEL_126, i24 %p_ZZ10FIR_filterRN3hls6streamI8ap_fixedILi24ELi1EL9ap_q_mode4EL9ap_o_mode0ELi1EEL_125, i24 %p_ZZ10FIR_filterRN3hls6streamI8ap_fixedILi24ELi1EL9ap_q_mode4EL9ap_o_mode0ELi1EEL_124, i24 %p_ZZ10FIR_filterRN3hls6streamI8ap_fixedILi24ELi1EL9ap_q_mode4EL9ap_o_mode0ELi1EEL_123, i24 %p_ZZ10FIR_filterRN3hls6streamI8ap_fixedILi24ELi1EL9ap_q_mode4EL9ap_o_mode0ELi1EEL_122, i32 %lhs_V_3_loc, i11 %p_ZL9FIR_coefs_3" [FIR_v2_opt/src/FIR.cpp:22]   --->   Operation 146 'call' 'call_ln22' <Predicate = true> <Delay = 0.00> <CoreType = "Generic">   --->   Core 0 '' <Latency = 0> <II = 1> <Delay = 1.00> <Generic> <Opcode : >

State 3 <SV = 2> <Delay = 0.00>
ST_3 : Operation 147 [1/1] (0.00ns)   --->   "%lhs_V_loc_load = load i32 %lhs_V_loc"   --->   Operation 147 'load' 'lhs_V_loc_load' <Predicate = true> <Delay = 0.00>
ST_3 : Operation 148 [1/1] (0.00ns)   --->   "%lhs_V_1_loc_load = load i32 %lhs_V_1_loc"   --->   Operation 148 'load' 'lhs_V_1_loc_load' <Predicate = true> <Delay = 0.00>
ST_3 : Operation 149 [1/1] (0.00ns)   --->   "%lhs_V_2_loc_load = load i32 %lhs_V_2_loc"   --->   Operation 149 'load' 'lhs_V_2_loc_load' <Predicate = true> <Delay = 0.00>
ST_3 : Operation 150 [1/1] (0.00ns)   --->   "%lhs_V_3_loc_load = load i32 %lhs_V_3_loc"   --->   Operation 150 'load' 'lhs_V_3_loc_load' <Predicate = true> <Delay = 0.00>
ST_3 : Operation 151 [2/2] (0.00ns)   --->   "%call_ln0 = call void @FIR_filter_Pipeline_total, i32 %lhs_V_loc_load, i32 %lhs_V_1_loc_load, i32 %lhs_V_2_loc_load, i32 %lhs_V_3_loc_load, i32 %total_V_2_loc"   --->   Operation 151 'call' 'call_ln0' <Predicate = true> <Delay = 0.00> <CoreType = "Generic">   --->   Core 0 '' <Latency = 0> <II = 1> <Delay = 1.00> <Generic> <Opcode : >

State 4 <SV = 3> <Delay = 1.13>
ST_4 : Operation 152 [1/2] (1.13ns)   --->   "%call_ln0 = call void @FIR_filter_Pipeline_total, i32 %lhs_V_loc_load, i32 %lhs_V_1_loc_load, i32 %lhs_V_2_loc_load, i32 %lhs_V_3_loc_load, i32 %total_V_2_loc"   --->   Operation 152 'call' 'call_ln0' <Predicate = true> <Delay = 1.13> <CoreType = "Generic">   --->   Core 0 '' <Latency = 0> <II = 1> <Delay = 1.00> <Generic> <Opcode : >

State 5 <SV = 4> <Delay = 0.00>
ST_5 : Operation 153 [1/1] (0.00ns)   --->   "%total_V_2_loc_load = load i32 %total_V_2_loc"   --->   Operation 153 'load' 'total_V_2_loc_load' <Predicate = true> <Delay = 0.00>
ST_5 : Operation 154 [2/2] (0.00ns)   --->   "%write_ln63 = write void @_ssdm_op_Write.axis.volatile.i32P128A, i32 %data_out_stream, i32 %total_V_2_loc_load" [FIR_v2_opt/src/FIR.cpp:63]   --->   Operation 154 'write' 'write_ln63' <Predicate = true> <Delay = 0.00> <CoreInst = "axis">   --->   Core 115 'axis' <Latency = 0> <II = 1> <Delay = 1.00> <Adapter> <Opcode : >

State 6 <SV = 5> <Delay = 0.00>
ST_6 : Operation 155 [1/1] (0.00ns)   --->   "%spectopmodule_ln12 = spectopmodule void @_ssdm_op_SpecTopModule, void @empty" [FIR_v2_opt/src/FIR.cpp:12]   --->   Operation 155 'spectopmodule' 'spectopmodule_ln12' <Predicate = true> <Delay = 0.00>
ST_6 : Operation 156 [1/1] (0.00ns)   --->   "%specinterface_ln0 = specinterface void @_ssdm_op_SpecInterface, i24 %data_in_stream, void @empty_0, i32 1, i32 1, void @empty_3, i32 0, i32 0, void @empty_4, void @empty_4, void @empty_4, i32 0, i32 0, i32 0, i32 0, void @empty_4, void @empty_4, i32 4294967295, i32 0"   --->   Operation 156 'specinterface' 'specinterface_ln0' <Predicate = true> <Delay = 0.00>
ST_6 : Operation 157 [1/1] (0.00ns)   --->   "%specbitsmap_ln0 = specbitsmap void @_ssdm_op_SpecBitsMap, i24 %data_in_stream"   --->   Operation 157 'specbitsmap' 'specbitsmap_ln0' <Predicate = true> <Delay = 0.00>
ST_6 : Operation 158 [1/1] (0.00ns)   --->   "%specinterface_ln0 = specinterface void @_ssdm_op_SpecInterface, i32 %data_out_stream, void @empty_0, i32 1, i32 1, void @empty_3, i32 0, i32 0, void @empty_4, void @empty_4, void @empty_4, i32 0, i32 0, i32 0, i32 0, void @empty_4, void @empty_4, i32 4294967295, i32 0"   --->   Operation 158 'specinterface' 'specinterface_ln0' <Predicate = true> <Delay = 0.00>
ST_6 : Operation 159 [1/1] (0.00ns)   --->   "%specbitsmap_ln0 = specbitsmap void @_ssdm_op_SpecBitsMap, i32 %data_out_stream"   --->   Operation 159 'specbitsmap' 'specbitsmap_ln0' <Predicate = true> <Delay = 0.00>
ST_6 : Operation 160 [1/2] (0.00ns)   --->   "%write_ln63 = write void @_ssdm_op_Write.axis.volatile.i32P128A, i32 %data_out_stream, i32 %total_V_2_loc_load" [FIR_v2_opt/src/FIR.cpp:63]   --->   Operation 160 'write' 'write_ln63' <Predicate = true> <Delay = 0.00> <CoreInst = "axis">   --->   Core 115 'axis' <Latency = 0> <II = 1> <Delay = 1.00> <Adapter> <Opcode : >
ST_6 : Operation 161 [1/1] (0.00ns)   --->   "%ret_ln66 = ret" [FIR_v2_opt/src/FIR.cpp:66]   --->   Operation 161 'ret' 'ret_ln66' <Predicate = true> <Delay = 0.00>


============================================================
+ Verbose Summary: Timing violations
============================================================
Target clock period: 10ns, clock uncertainty: 2.7ns.

 <State 1>: 2.06ns
The critical path consists of the following:
	'alloca' operation ('lhs_V_loc') [74]  (0 ns)
	'call' operation ('call_ln24', FIR_v2_opt/src/FIR.cpp:24) to 'FIR_filter_Pipeline_VITIS_LOOP_49_1' [207]  (2.06 ns)

 <State 2>: 0ns
The critical path consists of the following:

 <State 3>: 0ns
The critical path consists of the following:

 <State 4>: 1.13ns
The critical path consists of the following:
	'call' operation ('call_ln0') to 'FIR_filter_Pipeline_total' [215]  (1.13 ns)

 <State 5>: 0ns
The critical path consists of the following:

 <State 6>: 0ns
The critical path consists of the following:


============================================================
+ Verbose Summary: Binding
============================================================
N/A
* FSMD analyzer results:
  - Output states:
 - Input state : 
  - Chain level:
	State 1
	State 2
	State 3
	State 4
	State 5
	State 6


============================================================
+ Verbose Summary: Datapath Resource usage 
============================================================
N/A
