

================================================================
== Vitis HLS Report for 'FIR_filter_Pipeline_VITIS_LOOP_49_12'
================================================================
* Date:           Tue Feb 20 20:10:28 2024

* Version:        2022.2 (Build 3670227 on Oct 13 2022)
* Project:        FIR_v2_opt
* Solution:       solution (Vivado IP Flow Target)
* Product family: zynq
* Target device:  xc7z010i-clg225-1L


================================================================
== Performance Estimates
================================================================
+ Timing: 
    * Summary: 
    +--------+----------+----------+------------+
    |  Clock |  Target  | Estimated| Uncertainty|
    +--------+----------+----------+------------+
    |ap_clk  |  10.00 ns|  5.118 ns|     2.70 ns|
    +--------+----------+----------+------------+

+ Latency: 
    * Summary: 
    +---------+---------+----------+----------+-----+-----+---------+
    |  Latency (cycles) |  Latency (absolute) |  Interval | Pipeline|
    |   min   |   max   |    min   |    max   | min | max |   Type  |
    +---------+---------+----------+----------+-----+-----+---------+
    |       22|       22|  0.220 us|  0.220 us|   22|   22|       no|
    +---------+---------+----------+----------+-----+-----+---------+

    + Detail: 
        * Instance: 
        N/A

        * Loop: 
        +-------------------+---------+---------+----------+-----------+-----------+------+----------+
        |                   |  Latency (cycles) | Iteration|  Initiation Interval  | Trip |          |
        |     Loop Name     |   min   |   max   |  Latency |  achieved |   target  | Count| Pipelined|
        +-------------------+---------+---------+----------+-----------+-----------+------+----------+
        |- VITIS_LOOP_49_1  |       20|       20|         6|          1|          1|    16|       yes|
        +-------------------+---------+---------+----------+-----------+-----------+------+----------+

============================================================
+ Verbose Summary: Synthesis Manager
============================================================
InlineROM: 1
ExposeGlobal: 0
============================================================
+ Verbose Summary: CDFG Model
============================================================
IsTopModel: 0
ResetActiveHigh: 1
IsCombinational: 0
IsDatapathOnly: 0
HasWiredReturn: 1
HasMFsm: 2
HasVarLatency: 1
IsPipeline: 0
IsRtlPipelined: 0
IsInstanceOverlapped: 0
IsDontTouch: 0
HasImplIP: 0
IsGatedGlobalClock: 0

+ Individual pipeline summary: 
  * Pipeline-0: initiation interval (II) = 1, depth = 6


============================================================
+ Verbose Summary: Schedule
============================================================
* Number of FSM states : 6
* Pipeline : 1
  Pipeline-0 : II = 1, D = 6, States = { 1 2 3 4 5 6 }
* Dataflow Pipeline: 0

* FSM state transitions: 
1 --> 2 
2 --> 3 
3 --> 4 
4 --> 5 
5 --> 6 
6 --> 

* FSM state operations: 

State 1 <SV = 0> <Delay = 3.36>
ST_1 : Operation 9 [1/1] (0.00ns)   --->   "%lhs_V = alloca i32 1"   --->   Operation 9 'alloca' 'lhs_V' <Predicate = true> <Delay = 0.00>
ST_1 : Operation 10 [1/1] (0.00ns)   --->   "%k = alloca i32 1"   --->   Operation 10 'alloca' 'k' <Predicate = true> <Delay = 0.00>
ST_1 : Operation 11 [1/1] (0.00ns)   --->   "%p_ZZ10FIR_filterRN3hls6streamI8ap_fixedILi24ELi1EL9ap_q_mode4EL9ap_o_mode0ELi1EEL_85 = read i24 @_ssdm_op_Read.ap_auto.i24, i24 %p_ZZ10FIR_filterRN3hls6streamI8ap_fixedILi24ELi1EL9ap_q_mode4EL9ap_o_mode0ELi1EEL_69"   --->   Operation 11 'read' 'p_ZZ10FIR_filterRN3hls6streamI8ap_fixedILi24ELi1EL9ap_q_mode4EL9ap_o_mode0ELi1EEL_85' <Predicate = true> <Delay = 0.00>
ST_1 : Operation 12 [1/1] (0.00ns)   --->   "%p_ZZ10FIR_filterRN3hls6streamI8ap_fixedILi24ELi1EL9ap_q_mode4EL9ap_o_mode0ELi1EEL_86 = read i24 @_ssdm_op_Read.ap_auto.i24, i24 %p_ZZ10FIR_filterRN3hls6streamI8ap_fixedILi24ELi1EL9ap_q_mode4EL9ap_o_mode0ELi1EEL_70"   --->   Operation 12 'read' 'p_ZZ10FIR_filterRN3hls6streamI8ap_fixedILi24ELi1EL9ap_q_mode4EL9ap_o_mode0ELi1EEL_86' <Predicate = true> <Delay = 0.00>
ST_1 : Operation 13 [1/1] (0.00ns)   --->   "%p_ZZ10FIR_filterRN3hls6streamI8ap_fixedILi24ELi1EL9ap_q_mode4EL9ap_o_mode0ELi1EEL_87 = read i24 @_ssdm_op_Read.ap_auto.i24, i24 %p_ZZ10FIR_filterRN3hls6streamI8ap_fixedILi24ELi1EL9ap_q_mode4EL9ap_o_mode0ELi1EEL_71"   --->   Operation 13 'read' 'p_ZZ10FIR_filterRN3hls6streamI8ap_fixedILi24ELi1EL9ap_q_mode4EL9ap_o_mode0ELi1EEL_87' <Predicate = true> <Delay = 0.00>
ST_1 : Operation 14 [1/1] (0.00ns)   --->   "%p_ZZ10FIR_filterRN3hls6streamI8ap_fixedILi24ELi1EL9ap_q_mode4EL9ap_o_mode0ELi1EEL_88 = read i24 @_ssdm_op_Read.ap_auto.i24, i24 %p_ZZ10FIR_filterRN3hls6streamI8ap_fixedILi24ELi1EL9ap_q_mode4EL9ap_o_mode0ELi1EEL_72"   --->   Operation 14 'read' 'p_ZZ10FIR_filterRN3hls6streamI8ap_fixedILi24ELi1EL9ap_q_mode4EL9ap_o_mode0ELi1EEL_88' <Predicate = true> <Delay = 0.00>
ST_1 : Operation 15 [1/1] (0.00ns)   --->   "%p_ZZ10FIR_filterRN3hls6streamI8ap_fixedILi24ELi1EL9ap_q_mode4EL9ap_o_mode0ELi1EEL_89 = read i24 @_ssdm_op_Read.ap_auto.i24, i24 %p_ZZ10FIR_filterRN3hls6streamI8ap_fixedILi24ELi1EL9ap_q_mode4EL9ap_o_mode0ELi1EEL_73"   --->   Operation 15 'read' 'p_ZZ10FIR_filterRN3hls6streamI8ap_fixedILi24ELi1EL9ap_q_mode4EL9ap_o_mode0ELi1EEL_89' <Predicate = true> <Delay = 0.00>
ST_1 : Operation 16 [1/1] (0.00ns)   --->   "%p_ZZ10FIR_filterRN3hls6streamI8ap_fixedILi24ELi1EL9ap_q_mode4EL9ap_o_mode0ELi1EEL_90 = read i24 @_ssdm_op_Read.ap_auto.i24, i24 %p_ZZ10FIR_filterRN3hls6streamI8ap_fixedILi24ELi1EL9ap_q_mode4EL9ap_o_mode0ELi1EEL_74"   --->   Operation 16 'read' 'p_ZZ10FIR_filterRN3hls6streamI8ap_fixedILi24ELi1EL9ap_q_mode4EL9ap_o_mode0ELi1EEL_90' <Predicate = true> <Delay = 0.00>
ST_1 : Operation 17 [1/1] (0.00ns)   --->   "%p_ZZ10FIR_filterRN3hls6streamI8ap_fixedILi24ELi1EL9ap_q_mode4EL9ap_o_mode0ELi1EEL_91 = read i24 @_ssdm_op_Read.ap_auto.i24, i24 %p_ZZ10FIR_filterRN3hls6streamI8ap_fixedILi24ELi1EL9ap_q_mode4EL9ap_o_mode0ELi1EEL_75"   --->   Operation 17 'read' 'p_ZZ10FIR_filterRN3hls6streamI8ap_fixedILi24ELi1EL9ap_q_mode4EL9ap_o_mode0ELi1EEL_91' <Predicate = true> <Delay = 0.00>
ST_1 : Operation 18 [1/1] (0.00ns)   --->   "%p_ZZ10FIR_filterRN3hls6streamI8ap_fixedILi24ELi1EL9ap_q_mode4EL9ap_o_mode0ELi1EEL_92 = read i24 @_ssdm_op_Read.ap_auto.i24, i24 %p_ZZ10FIR_filterRN3hls6streamI8ap_fixedILi24ELi1EL9ap_q_mode4EL9ap_o_mode0ELi1EEL_76"   --->   Operation 18 'read' 'p_ZZ10FIR_filterRN3hls6streamI8ap_fixedILi24ELi1EL9ap_q_mode4EL9ap_o_mode0ELi1EEL_92' <Predicate = true> <Delay = 0.00>
ST_1 : Operation 19 [1/1] (0.00ns)   --->   "%p_ZZ10FIR_filterRN3hls6streamI8ap_fixedILi24ELi1EL9ap_q_mode4EL9ap_o_mode0ELi1EEL_93 = read i24 @_ssdm_op_Read.ap_auto.i24, i24 %p_ZZ10FIR_filterRN3hls6streamI8ap_fixedILi24ELi1EL9ap_q_mode4EL9ap_o_mode0ELi1EEL_77"   --->   Operation 19 'read' 'p_ZZ10FIR_filterRN3hls6streamI8ap_fixedILi24ELi1EL9ap_q_mode4EL9ap_o_mode0ELi1EEL_93' <Predicate = true> <Delay = 0.00>
ST_1 : Operation 20 [1/1] (0.00ns)   --->   "%p_ZZ10FIR_filterRN3hls6streamI8ap_fixedILi24ELi1EL9ap_q_mode4EL9ap_o_mode0ELi1EEL_94 = read i24 @_ssdm_op_Read.ap_auto.i24, i24 %p_ZZ10FIR_filterRN3hls6streamI8ap_fixedILi24ELi1EL9ap_q_mode4EL9ap_o_mode0ELi1EEL_78"   --->   Operation 20 'read' 'p_ZZ10FIR_filterRN3hls6streamI8ap_fixedILi24ELi1EL9ap_q_mode4EL9ap_o_mode0ELi1EEL_94' <Predicate = true> <Delay = 0.00>
ST_1 : Operation 21 [1/1] (0.00ns)   --->   "%p_ZZ10FIR_filterRN3hls6streamI8ap_fixedILi24ELi1EL9ap_q_mode4EL9ap_o_mode0ELi1EEL_95 = read i24 @_ssdm_op_Read.ap_auto.i24, i24 %p_ZZ10FIR_filterRN3hls6streamI8ap_fixedILi24ELi1EL9ap_q_mode4EL9ap_o_mode0ELi1EEL_79"   --->   Operation 21 'read' 'p_ZZ10FIR_filterRN3hls6streamI8ap_fixedILi24ELi1EL9ap_q_mode4EL9ap_o_mode0ELi1EEL_95' <Predicate = true> <Delay = 0.00>
ST_1 : Operation 22 [1/1] (0.00ns)   --->   "%p_ZZ10FIR_filterRN3hls6streamI8ap_fixedILi24ELi1EL9ap_q_mode4EL9ap_o_mode0ELi1EEL_96 = read i24 @_ssdm_op_Read.ap_auto.i24, i24 %p_ZZ10FIR_filterRN3hls6streamI8ap_fixedILi24ELi1EL9ap_q_mode4EL9ap_o_mode0ELi1EEL_80"   --->   Operation 22 'read' 'p_ZZ10FIR_filterRN3hls6streamI8ap_fixedILi24ELi1EL9ap_q_mode4EL9ap_o_mode0ELi1EEL_96' <Predicate = true> <Delay = 0.00>
ST_1 : Operation 23 [1/1] (0.00ns)   --->   "%p_ZZ10FIR_filterRN3hls6streamI8ap_fixedILi24ELi1EL9ap_q_mode4EL9ap_o_mode0ELi1EEL_97 = read i24 @_ssdm_op_Read.ap_auto.i24, i24 %p_ZZ10FIR_filterRN3hls6streamI8ap_fixedILi24ELi1EL9ap_q_mode4EL9ap_o_mode0ELi1EEL_81"   --->   Operation 23 'read' 'p_ZZ10FIR_filterRN3hls6streamI8ap_fixedILi24ELi1EL9ap_q_mode4EL9ap_o_mode0ELi1EEL_97' <Predicate = true> <Delay = 0.00>
ST_1 : Operation 24 [1/1] (0.00ns)   --->   "%p_ZZ10FIR_filterRN3hls6streamI8ap_fixedILi24ELi1EL9ap_q_mode4EL9ap_o_mode0ELi1EEL_98 = read i24 @_ssdm_op_Read.ap_auto.i24, i24 %p_ZZ10FIR_filterRN3hls6streamI8ap_fixedILi24ELi1EL9ap_q_mode4EL9ap_o_mode0ELi1EEL_82"   --->   Operation 24 'read' 'p_ZZ10FIR_filterRN3hls6streamI8ap_fixedILi24ELi1EL9ap_q_mode4EL9ap_o_mode0ELi1EEL_98' <Predicate = true> <Delay = 0.00>
ST_1 : Operation 25 [1/1] (0.00ns)   --->   "%p_ZZ10FIR_filterRN3hls6streamI8ap_fixedILi24ELi1EL9ap_q_mode4EL9ap_o_mode0ELi1EEL_99 = read i24 @_ssdm_op_Read.ap_auto.i24, i24 %p_ZZ10FIR_filterRN3hls6streamI8ap_fixedILi24ELi1EL9ap_q_mode4EL9ap_o_mode0ELi1EEL_83"   --->   Operation 25 'read' 'p_ZZ10FIR_filterRN3hls6streamI8ap_fixedILi24ELi1EL9ap_q_mode4EL9ap_o_mode0ELi1EEL_99' <Predicate = true> <Delay = 0.00>
ST_1 : Operation 26 [1/1] (0.00ns)   --->   "%p_ZZ10FIR_filterRN3hls6streamI8ap_fixedILi24ELi1EL9ap_q_mode4EL9ap_o_mode0ELi1EEL_100 = read i24 @_ssdm_op_Read.ap_auto.i24, i24 %p_ZZ10FIR_filterRN3hls6streamI8ap_fixedILi24ELi1EL9ap_q_mode4EL9ap_o_mode0ELi1EEL_84"   --->   Operation 26 'read' 'p_ZZ10FIR_filterRN3hls6streamI8ap_fixedILi24ELi1EL9ap_q_mode4EL9ap_o_mode0ELi1EEL_100' <Predicate = true> <Delay = 0.00>
ST_1 : Operation 27 [1/1] (1.58ns)   --->   "%store_ln0 = store i5 0, i5 %k"   --->   Operation 27 'store' 'store_ln0' <Predicate = true> <Delay = 1.58>
ST_1 : Operation 28 [1/1] (1.58ns)   --->   "%store_ln0 = store i32 0, i32 %lhs_V"   --->   Operation 28 'store' 'store_ln0' <Predicate = true> <Delay = 1.58>
ST_1 : Operation 29 [1/1] (0.00ns)   --->   "%br_ln0 = br void %for.body15.2"   --->   Operation 29 'br' 'br_ln0' <Predicate = true> <Delay = 0.00>
ST_1 : Operation 30 [1/1] (0.00ns)   --->   "%k_2 = load i5 %k"   --->   Operation 30 'load' 'k_2' <Predicate = true> <Delay = 0.00>
ST_1 : Operation 31 [1/1] (1.36ns)   --->   "%icmp_ln49 = icmp_eq  i5 %k_2, i5 16" [FIR_v2_opt/src/FIR.cpp:49]   --->   Operation 31 'icmp' 'icmp_ln49' <Predicate = true> <Delay = 1.36> <CoreInst = "Cmp">   --->   Core 9 'Cmp' <Latency = 0> <II = 1> <Delay = 1.36> <FuncUnit> <Opcode : 'icmp'> <InPorts = 2> <OutPorts = 1>
ST_1 : Operation 32 [1/1] (0.00ns)   --->   "%empty = speclooptripcount i32 @_ssdm_op_SpecLoopTripCount, i64 16, i64 16, i64 16"   --->   Operation 32 'speclooptripcount' 'empty' <Predicate = true> <Delay = 0.00>
ST_1 : Operation 33 [1/1] (1.78ns)   --->   "%add_ln49 = add i5 %k_2, i5 1" [FIR_v2_opt/src/FIR.cpp:49]   --->   Operation 33 'add' 'add_ln49' <Predicate = true> <Delay = 1.78> <CoreInst = "Adder">   --->   Core 1 'Adder' <Latency = 0> <II = 1> <Delay = 1.78> <FuncUnit> <Opcode : 'add' 'sub'> <InPorts = 2> <OutPorts = 1>
ST_1 : Operation 34 [1/1] (0.00ns)   --->   "%br_ln49 = br i1 %icmp_ln49, void %for.body15.2.split, void %for.body15.3.preheader.exitStub" [FIR_v2_opt/src/FIR.cpp:49]   --->   Operation 34 'br' 'br_ln49' <Predicate = true> <Delay = 0.00>
ST_1 : Operation 35 [1/1] (0.00ns)   --->   "%zext_ln49 = zext i5 %k_2" [FIR_v2_opt/src/FIR.cpp:49]   --->   Operation 35 'zext' 'zext_ln49' <Predicate = (!icmp_ln49)> <Delay = 0.00>
ST_1 : Operation 36 [1/1] (0.00ns)   --->   "%trunc_ln1271 = trunc i5 %k_2"   --->   Operation 36 'trunc' 'trunc_ln1271' <Predicate = (!icmp_ln49)> <Delay = 0.00>
ST_1 : Operation 37 [1/1] (2.06ns)   --->   "%r_V = mux i24 @_ssdm_op_Mux.ap_auto.16i24.i4, i24 %p_ZZ10FIR_filterRN3hls6streamI8ap_fixedILi24ELi1EL9ap_q_mode4EL9ap_o_mode0ELi1EEL_100, i24 %p_ZZ10FIR_filterRN3hls6streamI8ap_fixedILi24ELi1EL9ap_q_mode4EL9ap_o_mode0ELi1EEL_99, i24 %p_ZZ10FIR_filterRN3hls6streamI8ap_fixedILi24ELi1EL9ap_q_mode4EL9ap_o_mode0ELi1EEL_98, i24 %p_ZZ10FIR_filterRN3hls6streamI8ap_fixedILi24ELi1EL9ap_q_mode4EL9ap_o_mode0ELi1EEL_97, i24 %p_ZZ10FIR_filterRN3hls6streamI8ap_fixedILi24ELi1EL9ap_q_mode4EL9ap_o_mode0ELi1EEL_96, i24 %p_ZZ10FIR_filterRN3hls6streamI8ap_fixedILi24ELi1EL9ap_q_mode4EL9ap_o_mode0ELi1EEL_95, i24 %p_ZZ10FIR_filterRN3hls6streamI8ap_fixedILi24ELi1EL9ap_q_mode4EL9ap_o_mode0ELi1EEL_94, i24 %p_ZZ10FIR_filterRN3hls6streamI8ap_fixedILi24ELi1EL9ap_q_mode4EL9ap_o_mode0ELi1EEL_93, i24 %p_ZZ10FIR_filterRN3hls6streamI8ap_fixedILi24ELi1EL9ap_q_mode4EL9ap_o_mode0ELi1EEL_92, i24 %p_ZZ10FIR_filterRN3hls6streamI8ap_fixedILi24ELi1EL9ap_q_mode4EL9ap_o_mode0ELi1EEL_91, i24 %p_ZZ10FIR_filterRN3hls6streamI8ap_fixedILi24ELi1EL9ap_q_mode4EL9ap_o_mode0ELi1EEL_90, i24 %p_ZZ10FIR_filterRN3hls6streamI8ap_fixedILi24ELi1EL9ap_q_mode4EL9ap_o_mode0ELi1EEL_89, i24 %p_ZZ10FIR_filterRN3hls6streamI8ap_fixedILi24ELi1EL9ap_q_mode4EL9ap_o_mode0ELi1EEL_88, i24 %p_ZZ10FIR_filterRN3hls6streamI8ap_fixedILi24ELi1EL9ap_q_mode4EL9ap_o_mode0ELi1EEL_87, i24 %p_ZZ10FIR_filterRN3hls6streamI8ap_fixedILi24ELi1EL9ap_q_mode4EL9ap_o_mode0ELi1EEL_86, i24 %p_ZZ10FIR_filterRN3hls6streamI8ap_fixedILi24ELi1EL9ap_q_mode4EL9ap_o_mode0ELi1EEL_85, i4 %trunc_ln1271"   --->   Operation 37 'mux' 'r_V' <Predicate = (!icmp_ln49)> <Delay = 2.06> <CoreInst = "Multiplexer">   --->   Core 76 'Multiplexer' <Latency = 0> <II = 1> <Delay = 2.06> <FuncUnit> <Opcode : 'mux'> <InPorts = 2> <OutPorts = 1>
ST_1 : Operation 38 [1/1] (0.00ns)   --->   "%p_ZL9FIR_coefs_2_addr = getelementptr i13 %p_ZL9FIR_coefs_2, i64 0, i64 %zext_ln49"   --->   Operation 38 'getelementptr' 'p_ZL9FIR_coefs_2_addr' <Predicate = (!icmp_ln49)> <Delay = 0.00>
ST_1 : Operation 39 [2/2] (2.32ns)   --->   "%p_ZL9FIR_coefs_2_load = load i4 %p_ZL9FIR_coefs_2_addr"   --->   Operation 39 'load' 'p_ZL9FIR_coefs_2_load' <Predicate = (!icmp_ln49)> <Delay = 2.32> <CoreInst = "ROM">   --->   Core 95 'ROM' <Latency = 1> <II = 1> <Delay = 2.32> <Storage> <Opcode : 'load'> <Ports = 0> <Width = 13> <Depth = 16> <ROM>
ST_1 : Operation 40 [1/1] (1.58ns)   --->   "%store_ln49 = store i5 %add_ln49, i5 %k" [FIR_v2_opt/src/FIR.cpp:49]   --->   Operation 40 'store' 'store_ln49' <Predicate = (!icmp_ln49)> <Delay = 1.58>

State 2 <SV = 1> <Delay = 4.47>
ST_2 : Operation 41 [1/1] (0.00ns)   --->   "%sext_ln1270 = sext i24 %r_V"   --->   Operation 41 'sext' 'sext_ln1270' <Predicate = true> <Delay = 0.00>
ST_2 : Operation 42 [1/2] (2.32ns)   --->   "%p_ZL9FIR_coefs_2_load = load i4 %p_ZL9FIR_coefs_2_addr"   --->   Operation 42 'load' 'p_ZL9FIR_coefs_2_load' <Predicate = true> <Delay = 2.32> <CoreInst = "ROM">   --->   Core 95 'ROM' <Latency = 1> <II = 1> <Delay = 2.32> <Storage> <Opcode : 'load'> <Ports = 0> <Width = 13> <Depth = 16> <ROM>
ST_2 : Operation 43 [1/1] (0.00ns)   --->   "%zext_ln1273 = zext i13 %p_ZL9FIR_coefs_2_load"   --->   Operation 43 'zext' 'zext_ln1273' <Predicate = true> <Delay = 0.00>
ST_2 : Operation 44 [4/4] (2.15ns) (root node of the DSP)   --->   "%r_V_4 = mul i37 %sext_ln1270, i37 %zext_ln1273"   --->   Operation 44 'mul' 'r_V_4' <Predicate = true> <Delay = 2.15> <CoreInst = "DSP48">   --->   Core 119 'DSP48' <Latency = 3> <II = 1> <Delay = 2.15> <IPBlock> <Opcode : 'mul' 'add' 'sub' 'select'> <InPorts = 0> <OutPorts = 1> <Sync> <CReg>

State 3 <SV = 2> <Delay = 2.15>
ST_3 : Operation 45 [3/4] (2.15ns) (root node of the DSP)   --->   "%r_V_4 = mul i37 %sext_ln1270, i37 %zext_ln1273"   --->   Operation 45 'mul' 'r_V_4' <Predicate = true> <Delay = 2.15> <CoreInst = "DSP48">   --->   Core 119 'DSP48' <Latency = 3> <II = 1> <Delay = 2.15> <IPBlock> <Opcode : 'mul' 'add' 'sub' 'select'> <InPorts = 0> <OutPorts = 1> <Sync> <CReg>

State 4 <SV = 3> <Delay = 2.15>
ST_4 : Operation 46 [2/4] (2.15ns) (root node of the DSP)   --->   "%r_V_4 = mul i37 %sext_ln1270, i37 %zext_ln1273"   --->   Operation 46 'mul' 'r_V_4' <Predicate = true> <Delay = 2.15> <CoreInst = "DSP48">   --->   Core 119 'DSP48' <Latency = 3> <II = 1> <Delay = 2.15> <IPBlock> <Opcode : 'mul' 'add' 'sub' 'select'> <InPorts = 0> <OutPorts = 1> <Sync> <CReg>

State 5 <SV = 4> <Delay = 4.46>
ST_5 : Operation 47 [1/4] (0.00ns) (root node of the DSP)   --->   "%r_V_4 = mul i37 %sext_ln1270, i37 %zext_ln1273"   --->   Operation 47 'mul' 'r_V_4' <Predicate = true> <Delay = 0.00> <CoreInst = "DSP48">   --->   Core 119 'DSP48' <Latency = 3> <II = 1> <Delay = 2.15> <IPBlock> <Opcode : 'mul' 'add' 'sub' 'select'> <InPorts = 0> <OutPorts = 1> <Sync> <CReg>
ST_5 : Operation 48 [1/1] (0.00ns) (grouped into LUT with out node rhs)   --->   "%trunc_ln818_2 = partselect i22 @_ssdm_op_PartSelect.i22.i37.i32.i32, i37 %r_V_4, i32 15, i32 36"   --->   Operation 48 'partselect' 'trunc_ln818_2' <Predicate = true> <Delay = 0.00>
ST_5 : Operation 49 [1/1] (0.00ns) (grouped into LUT with out node rhs)   --->   "%sext_ln823 = sext i22 %trunc_ln818_2"   --->   Operation 49 'sext' 'sext_ln823' <Predicate = true> <Delay = 0.00>
ST_5 : Operation 50 [1/1] (0.00ns) (grouped into LUT with out node rhs)   --->   "%p_Result_s = bitselect i1 @_ssdm_op_BitSelect.i1.i37.i32, i37 %r_V_4, i32 15"   --->   Operation 50 'bitselect' 'p_Result_s' <Predicate = true> <Delay = 0.00>
ST_5 : Operation 51 [1/1] (0.00ns) (grouped into LUT with out node rhs)   --->   "%p_Result_9 = bitselect i1 @_ssdm_op_BitSelect.i1.i37.i32, i37 %r_V_4, i32 14"   --->   Operation 51 'bitselect' 'p_Result_9' <Predicate = true> <Delay = 0.00>
ST_5 : Operation 52 [1/1] (0.00ns)   --->   "%trunc_ln828 = trunc i37 %r_V_4"   --->   Operation 52 'trunc' 'trunc_ln828' <Predicate = true> <Delay = 0.00>
ST_5 : Operation 53 [1/1] (2.20ns)   --->   "%r = icmp_ne  i14 %trunc_ln828, i14 0"   --->   Operation 53 'icmp' 'r' <Predicate = true> <Delay = 2.20> <CoreInst = "Cmp">   --->   Core 9 'Cmp' <Latency = 0> <II = 1> <Delay = 2.20> <FuncUnit> <Opcode : 'icmp'> <InPorts = 2> <OutPorts = 1>
ST_5 : Operation 54 [1/1] (0.00ns) (grouped into LUT with out node rhs)   --->   "%or_ln374 = or i1 %p_Result_s, i1 %r"   --->   Operation 54 'or' 'or_ln374' <Predicate = true> <Delay = 0.00> <CoreInst = "LogicGate">   --->   Core 74 'LogicGate' <Latency = 0> <II = 1> <Delay = 0.97> <FuncUnit> <Opcode : 'and' 'or' 'xor'> <InPorts = 2> <OutPorts = 1>
ST_5 : Operation 55 [1/1] (0.00ns) (grouped into LUT with out node rhs)   --->   "%and_ln374 = and i1 %or_ln374, i1 %p_Result_9"   --->   Operation 55 'and' 'and_ln374' <Predicate = true> <Delay = 0.00> <CoreInst = "LogicGate">   --->   Core 74 'LogicGate' <Latency = 0> <II = 1> <Delay = 0.97> <FuncUnit> <Opcode : 'and' 'or' 'xor'> <InPorts = 2> <OutPorts = 1>
ST_5 : Operation 56 [1/1] (0.00ns) (grouped into LUT with out node rhs)   --->   "%zext_ln377 = zext i1 %and_ln374"   --->   Operation 56 'zext' 'zext_ln377' <Predicate = true> <Delay = 0.00>
ST_5 : Operation 57 [1/1] (2.25ns) (out node of the LUT)   --->   "%rhs = add i23 %sext_ln823, i23 %zext_ln377"   --->   Operation 57 'add' 'rhs' <Predicate = true> <Delay = 2.25> <CoreInst = "Adder">   --->   Core 1 'Adder' <Latency = 0> <II = 1> <Delay = 2.25> <FuncUnit> <Opcode : 'add' 'sub'> <InPorts = 2> <OutPorts = 1>
ST_5 : Operation 75 [1/1] (0.00ns)   --->   "%lhs_V_load = load i32 %lhs_V"   --->   Operation 75 'load' 'lhs_V_load' <Predicate = (icmp_ln49)> <Delay = 0.00>
ST_5 : Operation 76 [1/1] (0.00ns)   --->   "%write_ln0 = write void @_ssdm_op_Write.ap_auto.i32P0A, i32 %lhs_V_2_out, i32 %lhs_V_load"   --->   Operation 76 'write' 'write_ln0' <Predicate = (icmp_ln49)> <Delay = 0.00>
ST_5 : Operation 77 [1/1] (0.00ns)   --->   "%ret_ln0 = ret"   --->   Operation 77 'ret' 'ret_ln0' <Predicate = (icmp_ln49)> <Delay = 0.00>

State 6 <SV = 5> <Delay = 5.11>
ST_6 : Operation 58 [1/1] (0.00ns)   --->   "%lhs_V_load_3 = load i32 %lhs_V"   --->   Operation 58 'load' 'lhs_V_load_3' <Predicate = true> <Delay = 0.00>
ST_6 : Operation 59 [1/1] (0.00ns)   --->   "%specpipeline_ln51 = specpipeline void @_ssdm_op_SpecPipeline, i32 4294967295, i32 0, i32 0, i32 0, void @empty_4" [FIR_v2_opt/src/FIR.cpp:51]   --->   Operation 59 'specpipeline' 'specpipeline_ln51' <Predicate = true> <Delay = 0.00>
ST_6 : Operation 60 [1/1] (0.00ns)   --->   "%specloopname_ln49 = specloopname void @_ssdm_op_SpecLoopName, void @empty_2" [FIR_v2_opt/src/FIR.cpp:49]   --->   Operation 60 'specloopname' 'specloopname_ln49' <Predicate = true> <Delay = 0.00>
ST_6 : Operation 61 [1/1] (0.00ns)   --->   "%sext_ln813 = sext i23 %rhs"   --->   Operation 61 'sext' 'sext_ln813' <Predicate = true> <Delay = 0.00>
ST_6 : Operation 62 [1/1] (0.00ns)   --->   "%sext_ln813_4 = sext i32 %lhs_V_load_3"   --->   Operation 62 'sext' 'sext_ln813_4' <Predicate = true> <Delay = 0.00>
ST_6 : Operation 63 [1/1] (0.00ns)   --->   "%sext_ln813_5 = sext i23 %rhs"   --->   Operation 63 'sext' 'sext_ln813_5' <Predicate = true> <Delay = 0.00>
ST_6 : Operation 64 [1/1] (2.55ns)   --->   "%ret_V = add i33 %sext_ln813_5, i33 %sext_ln813_4"   --->   Operation 64 'add' 'ret_V' <Predicate = true> <Delay = 2.55> <CoreInst = "Adder">   --->   Core 1 'Adder' <Latency = 0> <II = 1> <Delay = 2.55> <FuncUnit> <Opcode : 'add' 'sub'> <InPorts = 2> <OutPorts = 1>
ST_6 : Operation 65 [1/1] (0.00ns)   --->   "%p_Result_10 = bitselect i1 @_ssdm_op_BitSelect.i1.i33.i32, i33 %ret_V, i32 32"   --->   Operation 65 'bitselect' 'p_Result_10' <Predicate = true> <Delay = 0.00>
ST_6 : Operation 66 [1/1] (2.55ns)   --->   "%p_Val2_5 = add i32 %sext_ln813, i32 %lhs_V_load_3"   --->   Operation 66 'add' 'p_Val2_5' <Predicate = true> <Delay = 2.55> <CoreInst = "Adder">   --->   Core 1 'Adder' <Latency = 0> <II = 1> <Delay = 2.55> <FuncUnit> <Opcode : 'add' 'sub'> <InPorts = 2> <OutPorts = 1>
ST_6 : Operation 67 [1/1] (0.00ns)   --->   "%p_Result_11 = bitselect i1 @_ssdm_op_BitSelect.i1.i32.i32, i32 %p_Val2_5, i32 31"   --->   Operation 67 'bitselect' 'p_Result_11' <Predicate = true> <Delay = 0.00>
ST_6 : Operation 68 [1/1] (0.00ns) (grouped into LUT with out node acum_V)   --->   "%xor_ln895 = xor i1 %p_Result_10, i1 1"   --->   Operation 68 'xor' 'xor_ln895' <Predicate = true> <Delay = 0.00> <CoreInst = "LogicGate">   --->   Core 74 'LogicGate' <Latency = 0> <II = 1> <Delay = 0.97> <FuncUnit> <Opcode : 'and' 'or' 'xor'> <InPorts = 2> <OutPorts = 1>
ST_6 : Operation 69 [1/1] (0.00ns) (grouped into LUT with out node acum_V)   --->   "%overflow = and i1 %p_Result_11, i1 %xor_ln895"   --->   Operation 69 'and' 'overflow' <Predicate = true> <Delay = 0.00> <CoreInst = "LogicGate">   --->   Core 74 'LogicGate' <Latency = 0> <II = 1> <Delay = 0.97> <FuncUnit> <Opcode : 'and' 'or' 'xor'> <InPorts = 2> <OutPorts = 1>
ST_6 : Operation 70 [1/1] (0.00ns) (grouped into LUT with out node acum_V)   --->   "%xor_ln302 = xor i1 %p_Result_10, i1 %p_Result_11"   --->   Operation 70 'xor' 'xor_ln302' <Predicate = true> <Delay = 0.00> <CoreInst = "LogicGate">   --->   Core 74 'LogicGate' <Latency = 0> <II = 1> <Delay = 0.97> <FuncUnit> <Opcode : 'and' 'or' 'xor'> <InPorts = 2> <OutPorts = 1>
ST_6 : Operation 71 [1/1] (0.00ns) (grouped into LUT with out node acum_V)   --->   "%select_ln346 = select i1 %overflow, i32 2147483647, i32 2147483648"   --->   Operation 71 'select' 'select_ln346' <Predicate = true> <Delay = 0.00> <CoreInst = "Sel">   --->   Core 73 'Sel' <Latency = 0> <II = 1> <Delay = 0.69> <FuncUnit> <Opcode : 'select'> <InPorts = 3> <OutPorts = 1>
ST_6 : Operation 72 [1/1] (0.97ns) (out node of the LUT)   --->   "%acum_V = select i1 %xor_ln302, i32 %select_ln346, i32 %p_Val2_5"   --->   Operation 72 'select' 'acum_V' <Predicate = true> <Delay = 0.97> <CoreInst = "Sel">   --->   Core 73 'Sel' <Latency = 0> <II = 1> <Delay = 0.69> <FuncUnit> <Opcode : 'select'> <InPorts = 3> <OutPorts = 1>
ST_6 : Operation 73 [1/1] (1.58ns)   --->   "%store_ln49 = store i32 %acum_V, i32 %lhs_V" [FIR_v2_opt/src/FIR.cpp:49]   --->   Operation 73 'store' 'store_ln49' <Predicate = true> <Delay = 1.58>
ST_6 : Operation 74 [1/1] (0.00ns)   --->   "%br_ln49 = br void %for.body15.2" [FIR_v2_opt/src/FIR.cpp:49]   --->   Operation 74 'br' 'br_ln49' <Predicate = true> <Delay = 0.00>


============================================================
+ Verbose Summary: Timing violations
============================================================
Target clock period: 10ns, clock uncertainty: 2.7ns.

 <State 1>: 3.37ns
The critical path consists of the following:
	'alloca' operation ('k') [20]  (0 ns)
	'load' operation ('k') on local variable 'k' [41]  (0 ns)
	'add' operation ('add_ln49', FIR_v2_opt/src/FIR.cpp:49) [44]  (1.78 ns)
	'store' operation ('store_ln49', FIR_v2_opt/src/FIR.cpp:49) of variable 'add_ln49', FIR_v2_opt/src/FIR.cpp:49 on local variable 'k' [80]  (1.59 ns)

 <State 2>: 4.47ns
The critical path consists of the following:
	'load' operation ('p_ZL9FIR_coefs_2_load') on array 'p_ZL9FIR_coefs_2' [55]  (2.32 ns)
	'mul' operation of DSP[57] ('r.V') [57]  (2.15 ns)

 <State 3>: 2.15ns
The critical path consists of the following:
	'mul' operation of DSP[57] ('r.V') [57]  (2.15 ns)

 <State 4>: 2.15ns
The critical path consists of the following:
	'mul' operation of DSP[57] ('r.V') [57]  (2.15 ns)

 <State 5>: 4.46ns
The critical path consists of the following:
	'mul' operation of DSP[57] ('r.V') [57]  (0 ns)
	'icmp' operation ('r') [63]  (2.21 ns)
	'or' operation ('or_ln374') [64]  (0 ns)
	'and' operation ('qb') [65]  (0 ns)
	'add' operation ('rhs') [67]  (2.26 ns)

 <State 6>: 5.12ns
The critical path consists of the following:
	'load' operation ('lhs_V_load_3') on local variable 'lhs.V' [47]  (0 ns)
	'add' operation ('ret.V') [71]  (2.55 ns)
	'xor' operation ('xor_ln302') [77]  (0 ns)
	'select' operation ('acum.V') [79]  (0.978 ns)
	'store' operation ('store_ln49', FIR_v2_opt/src/FIR.cpp:49) of variable 'acum.V' on local variable 'lhs.V' [81]  (1.59 ns)


============================================================
+ Verbose Summary: Binding
============================================================
N/A
* FSMD analyzer results:
  - Output states:
 - Input state : 
  - Chain level:
	State 1
	State 2
	State 3
	State 4
	State 5
	State 6


============================================================
+ Verbose Summary: Datapath Resource usage 
============================================================
N/A
